{
  "/workspaces/data-gpt-take-home/frontend/src/components/ui/chart.tsx": {
    "path": "/workspaces/data-gpt-take-home/frontend/src/components/ui/chart.tsx",
    "statementMap": {
      "0": { "start": { "line": 1, "column": 0 }, "end": { "line": 1, "column": 38 } },
      "1": { "start": { "line": 2, "column": 0 }, "end": { "line": 2, "column": 41 } },
      "2": { "start": { "line": 3, "column": 0 }, "end": { "line": 3, "column": 60 } },
      "3": { "start": { "line": 7, "column": 47 }, "end": { "line": 17, "column": 1 } },
      "4": { "start": { "line": 8, "column": 30 }, "end": { "line": 8, "column": 69 } },
      "5": { "start": { "line": 9, "column": 4 }, "end": { "line": 16, "column": 6 } },
      "6": { "start": { "line": 19, "column": 0 }, "end": { "line": 19, "column": null } }
    },
    "fnMap": {
      "0": {
        "name": "(anonymous_6)",
        "decl": { "start": { "line": 7, "column": 47 }, "end": { "line": 7, "column": 48 } },
        "loc": { "start": { "line": 7, "column": 80 }, "end": { "line": 17, "column": 1 } }
      }
    },
    "branchMap": {},
    "s": { "0": 2, "1": 2, "2": 2, "3": 2, "4": 16, "5": 16, "6": 2 },
    "f": { "0": 16 },
    "b": {}
  },
  "/workspaces/data-gpt-take-home/frontend/src/components/ui/select.tsx": {
    "path": "/workspaces/data-gpt-take-home/frontend/src/components/ui/select.tsx",
    "statementMap": {
      "0": { "start": { "line": 1, "column": 0 }, "end": { "line": 1, "column": 30 } },
      "1": { "start": { "line": 2, "column": 0 }, "end": { "line": 2, "column": 57 } },
      "2": { "start": { "line": 3, "column": 0 }, "end": { "line": 3, "column": 60 } },
      "3": { "start": { "line": 5, "column": 0 }, "end": { "line": 5, "column": 32 } },
      "4": { "start": { "line": 7, "column": 15 }, "end": { "line": 7, "column": 35 } },
      "5": { "start": { "line": 147, "column": 2 }, "end": { "line": 147, "column": 8 } },
      "6": { "start": { "line": 9, "column": 20 }, "end": { "line": 9, "column": 41 } },
      "7": { "start": { "line": 148, "column": 2 }, "end": { "line": 148, "column": 13 } },
      "8": { "start": { "line": 11, "column": 20 }, "end": { "line": 11, "column": 41 } },
      "9": { "start": { "line": 149, "column": 2 }, "end": { "line": 149, "column": 13 } },
      "10": { "start": { "line": 13, "column": 22 }, "end": { "line": 30, "column": 2 } },
      "11": { "start": { "line": 16, "column": 24 }, "end": { "line": 16, "column": 29 } },
      "12": { "start": { "line": 16, "column": 34 }, "end": { "line": 16, "column": 38 } },
      "13": { "start": { "line": 16, "column": 46 }, "end": { "line": 30, "column": 2 } },
      "14": { "start": { "line": 150, "column": 2 }, "end": { "line": 150, "column": 15 } },
      "15": { "start": { "line": 31, "column": 0 }, "end": { "line": 31, "column": null } },
      "16": { "start": { "line": 33, "column": 29 }, "end": { "line": 47, "column": 2 } },
      "17": { "start": { "line": 36, "column": 14 }, "end": { "line": 36, "column": 19 } },
      "18": { "start": { "line": 36, "column": 24 }, "end": { "line": 36, "column": 28 } },
      "19": { "start": { "line": 36, "column": 36 }, "end": { "line": 47, "column": 2 } },
      "20": { "start": { "line": 155, "column": 2 }, "end": { "line": 155, "column": 22 } },
      "21": { "start": { "line": 48, "column": 0 }, "end": { "line": 48, "column": null } },
      "22": { "start": { "line": 50, "column": 31 }, "end": { "line": 64, "column": 2 } },
      "23": { "start": { "line": 53, "column": 14 }, "end": { "line": 53, "column": 19 } },
      "24": { "start": { "line": 53, "column": 24 }, "end": { "line": 53, "column": 28 } },
      "25": { "start": { "line": 53, "column": 36 }, "end": { "line": 64, "column": 2 } },
      "26": { "start": { "line": 156, "column": 2 }, "end": { "line": 156, "column": 24 } },
      "27": { "start": { "line": 65, "column": 0 }, "end": { "line": 66, "column": null } },
      "28": { "start": { "line": 68, "column": 22 }, "end": { "line": 97, "column": 2 } },
      "29": { "start": { "line": 71, "column": 45 }, "end": { "line": 71, "column": 50 } },
      "30": { "start": { "line": 71, "column": 55 }, "end": { "line": 71, "column": 59 } },
      "31": { "start": { "line": 71, "column": 67 }, "end": { "line": 97, "column": 2 } },
      "32": { "start": { "line": 151, "column": 2 }, "end": { "line": 151, "column": 15 } },
      "33": { "start": { "line": 98, "column": 0 }, "end": { "line": 98, "column": null } },
      "34": { "start": { "line": 100, "column": 20 }, "end": { "line": 109, "column": 2 } },
      "35": { "start": { "line": 103, "column": 14 }, "end": { "line": 103, "column": 19 } },
      "36": { "start": { "line": 103, "column": 24 }, "end": { "line": 103, "column": 28 } },
      "37": { "start": { "line": 103, "column": 36 }, "end": { "line": 109, "column": 2 } },
      "38": { "start": { "line": 152, "column": 2 }, "end": { "line": 152, "column": 13 } },
      "39": { "start": { "line": 110, "column": 0 }, "end": { "line": 110, "column": null } },
      "40": { "start": { "line": 112, "column": 19 }, "end": { "line": 131, "column": 2 } },
      "41": { "start": { "line": 115, "column": 24 }, "end": { "line": 115, "column": 29 } },
      "42": { "start": { "line": 115, "column": 34 }, "end": { "line": 115, "column": 38 } },
      "43": { "start": { "line": 115, "column": 46 }, "end": { "line": 131, "column": 2 } },
      "44": { "start": { "line": 153, "column": 2 }, "end": { "line": 153, "column": 12 } },
      "45": { "start": { "line": 132, "column": 0 }, "end": { "line": 132, "column": null } },
      "46": { "start": { "line": 134, "column": 24 }, "end": { "line": 143, "column": 2 } },
      "47": { "start": { "line": 137, "column": 14 }, "end": { "line": 137, "column": 19 } },
      "48": { "start": { "line": 137, "column": 24 }, "end": { "line": 137, "column": 28 } },
      "49": { "start": { "line": 137, "column": 36 }, "end": { "line": 143, "column": 2 } },
      "50": { "start": { "line": 154, "column": 2 }, "end": { "line": 154, "column": 17 } },
      "51": { "start": { "line": 144, "column": 0 }, "end": { "line": 144, "column": null } }
    },
    "fnMap": {
      "0": {
        "name": "(anonymous_7)",
        "decl": { "start": { "line": 16, "column": 2 }, "end": { "line": 16, "column": 3 } },
        "loc": { "start": { "line": 16, "column": 45 }, "end": { "line": 30, "column": 2 } }
      },
      "1": {
        "name": "(anonymous_8)",
        "decl": { "start": { "line": 36, "column": 2 }, "end": { "line": 36, "column": 3 } },
        "loc": { "start": { "line": 36, "column": 35 }, "end": { "line": 47, "column": 2 } }
      },
      "2": {
        "name": "(anonymous_9)",
        "decl": { "start": { "line": 53, "column": 2 }, "end": { "line": 53, "column": 3 } },
        "loc": { "start": { "line": 53, "column": 35 }, "end": { "line": 64, "column": 2 } }
      },
      "3": {
        "name": "(anonymous_10)",
        "decl": { "start": { "line": 71, "column": 2 }, "end": { "line": 71, "column": 3 } },
        "loc": { "start": { "line": 71, "column": 66 }, "end": { "line": 97, "column": 2 } }
      },
      "4": {
        "name": "(anonymous_11)",
        "decl": { "start": { "line": 103, "column": 2 }, "end": { "line": 103, "column": 3 } },
        "loc": { "start": { "line": 103, "column": 35 }, "end": { "line": 109, "column": 2 } }
      },
      "5": {
        "name": "(anonymous_12)",
        "decl": { "start": { "line": 115, "column": 2 }, "end": { "line": 115, "column": 3 } },
        "loc": { "start": { "line": 115, "column": 45 }, "end": { "line": 131, "column": 2 } }
      },
      "6": {
        "name": "(anonymous_13)",
        "decl": { "start": { "line": 137, "column": 2 }, "end": { "line": 137, "column": 3 } },
        "loc": { "start": { "line": 137, "column": 35 }, "end": { "line": 143, "column": 2 } }
      }
    },
    "branchMap": {
      "0": {
        "loc": { "start": { "line": 71, "column": 26 }, "end": { "line": 71, "column": 45 } },
        "type": "default-arg",
        "locations": [{ "start": { "line": 71, "column": 37 }, "end": { "line": 71, "column": 45 } }]
      },
      "1": {
        "loc": { "start": { "line": 77, "column": 8 }, "end": { "line": 78, "column": 139 } },
        "type": "binary-expr",
        "locations": [
          { "start": { "line": 77, "column": 8 }, "end": { "line": 77, "column": 29 } },
          { "start": { "line": 78, "column": 10 }, "end": { "line": 78, "column": 139 } }
        ]
      },
      "2": {
        "loc": { "start": { "line": 88, "column": 10 }, "end": { "line": 89, "column": 101 } },
        "type": "binary-expr",
        "locations": [
          { "start": { "line": 88, "column": 10 }, "end": { "line": 88, "column": 31 } },
          { "start": { "line": 89, "column": 12 }, "end": { "line": 89, "column": 101 } }
        ]
      }
    },
    "s": {
      "0": 2,
      "1": 2,
      "2": 2,
      "3": 2,
      "4": 2,
      "5": 2,
      "6": 2,
      "7": 2,
      "8": 2,
      "9": 2,
      "10": 2,
      "11": 7,
      "12": 7,
      "13": 7,
      "14": 2,
      "15": 2,
      "16": 2,
      "17": 6,
      "18": 6,
      "19": 6,
      "20": 2,
      "21": 2,
      "22": 2,
      "23": 6,
      "24": 6,
      "25": 6,
      "26": 2,
      "27": 2,
      "28": 2,
      "29": 6,
      "30": 6,
      "31": 6,
      "32": 2,
      "33": 2,
      "34": 2,
      "35": 0,
      "36": 0,
      "37": 0,
      "38": 2,
      "39": 2,
      "40": 2,
      "41": 6,
      "42": 6,
      "43": 6,
      "44": 2,
      "45": 2,
      "46": 2,
      "47": 0,
      "48": 0,
      "49": 0,
      "50": 2,
      "51": 2
    },
    "f": { "0": 7, "1": 6, "2": 6, "3": 6, "4": 0, "5": 6, "6": 0 },
    "b": { "0": [6], "1": [6, 6], "2": [6, 6] }
  },
  "/workspaces/data-gpt-take-home/frontend/src/components/ui/skeleton.tsx": {
    "path": "/workspaces/data-gpt-take-home/frontend/src/components/ui/skeleton.tsx",
    "statementMap": {
      "0": { "start": { "line": 15, "column": 9 }, "end": { "line": 15, "column": 17 } },
      "1": { "start": { "line": 1, "column": 0 }, "end": { "line": 1, "column": 32 } },
      "2": { "start": { "line": 4, "column": 11 }, "end": { "line": 4, "column": null } },
      "3": { "start": { "line": 5, "column": 10 }, "end": { "line": 6, "column": 39 } },
      "4": { "start": { "line": 7, "column": 2 }, "end": { "line": 12, "column": null } }
    },
    "fnMap": {
      "0": {
        "name": "Skeleton",
        "decl": { "start": { "line": 3, "column": 9 }, "end": { "line": 3, "column": 17 } },
        "loc": { "start": { "line": 6, "column": 39 }, "end": { "line": 13, "column": 1 } }
      }
    },
    "branchMap": {},
    "s": { "0": 3, "1": 3, "2": 0, "3": 0, "4": 0 },
    "f": { "0": 0 },
    "b": {}
  },
  "/workspaces/data-gpt-take-home/frontend/src/dashboard/index.tsx": {
    "path": "/workspaces/data-gpt-take-home/frontend/src/dashboard/index.tsx",
    "statementMap": {
      "0": { "start": { "line": 2, "column": 0 }, "end": { "line": 2, "column": 40 } },
      "1": { "start": { "line": 3, "column": 0 }, "end": { "line": 3, "column": 103 } },
      "2": { "start": { "line": 5, "column": 0 }, "end": { "line": 5, "column": 59 } },
      "3": { "start": { "line": 7, "column": 0 }, "end": { "line": 7, "column": 55 } },
      "4": { "start": { "line": 8, "column": 0 }, "end": { "line": 8, "column": 61 } },
      "5": { "start": { "line": 11, "column": 25 }, "end": { "line": 102, "column": 1 } },
      "6": { "start": { "line": 12, "column": 38 }, "end": { "line": 12, "column": 80 } },
      "7": { "start": { "line": 13, "column": 40 }, "end": { "line": 13, "column": 64 } },
      "8": { "start": { "line": 14, "column": 36 }, "end": { "line": 14, "column": 56 } },
      "9": { "start": { "line": 15, "column": 40 }, "end": { "line": 15, "column": 60 } },
      "10": { "start": { "line": 16, "column": 36 }, "end": { "line": 16, "column": 56 } },
      "11": { "start": { "line": 18, "column": 22 }, "end": { "line": 18, "column": 42 } },
      "12": { "start": { "line": 22, "column": 34 }, "end": { "line": 30, "column": 5 } },
      "13": { "start": { "line": 23, "column": 8 }, "end": { "line": 29, "column": 9 } },
      "14": { "start": { "line": 24, "column": 12 }, "end": { "line": 24, "column": 33 } },
      "15": { "start": { "line": 25, "column": 12 }, "end": { "line": 25, "column": null } },
      "16": { "start": { "line": 27, "column": 12 }, "end": { "line": 27, "column": 33 } },
      "17": { "start": { "line": 28, "column": 12 }, "end": { "line": 28, "column": null } },
      "18": { "start": { "line": 32, "column": 32 }, "end": { "line": 38, "column": 5 } },
      "19": { "start": { "line": 33, "column": 8 }, "end": { "line": 37, "column": 9 } },
      "20": { "start": { "line": 34, "column": 12 }, "end": { "line": 34, "column": 31 } },
      "21": { "start": { "line": 36, "column": 12 }, "end": { "line": 36, "column": 31 } },
      "22": { "start": { "line": 40, "column": 25 }, "end": { "line": 66, "column": null } },
      "23": { "start": { "line": 41, "column": 8 }, "end": { "line": 65, "column": null } },
      "24": { "start": { "line": 45, "column": 20 }, "end": { "line": 45, "column": null } },
      "25": { "start": { "line": 53, "column": 59 }, "end": { "line": 53, "column": 116 } },
      "26": { "start": { "line": 60, "column": 16 }, "end": { "line": 60, "column": null } },
      "27": { "start": { "line": 69, "column": 4 }, "end": { "line": 101, "column": 6 } },
      "28": { "start": { "line": 77, "column": 39 }, "end": { "line": 77, "column": 62 } },
      "29": { "start": { "line": 86, "column": 39 }, "end": { "line": 86, "column": 62 } },
      "30": { "start": { "line": 104, "column": 0 }, "end": { "line": 104, "column": 22 } }
    },
    "fnMap": {
      "0": {
        "name": "(anonymous_1)",
        "decl": { "start": { "line": 11, "column": 25 }, "end": { "line": 11, "column": 28 } },
        "loc": { "start": { "line": 11, "column": 30 }, "end": { "line": 102, "column": 1 } }
      },
      "1": {
        "name": "(anonymous_2)",
        "decl": { "start": { "line": 22, "column": 34 }, "end": { "line": 22, "column": 35 } },
        "loc": { "start": { "line": 22, "column": 73 }, "end": { "line": 30, "column": 5 } }
      },
      "2": {
        "name": "(anonymous_3)",
        "decl": { "start": { "line": 32, "column": 32 }, "end": { "line": 32, "column": 33 } },
        "loc": { "start": { "line": 32, "column": 71 }, "end": { "line": 38, "column": 5 } }
      },
      "3": {
        "name": "(anonymous_4)",
        "decl": { "start": { "line": 40, "column": 25 }, "end": { "line": 40, "column": 26 } },
        "loc": { "start": { "line": 41, "column": 8 }, "end": { "line": 65, "column": null } }
      },
      "4": {
        "name": "(anonymous_5)",
        "decl": { "start": { "line": 44, "column": 31 }, "end": { "line": 44, "column": 32 } },
        "loc": { "start": { "line": 44, "column": 49 }, "end": { "line": 46, "column": 17 } }
      },
      "5": {
        "name": "(anonymous_6)",
        "decl": { "start": { "line": 53, "column": 44 }, "end": { "line": 53, "column": 45 } },
        "loc": { "start": { "line": 53, "column": 59 }, "end": { "line": 53, "column": 116 } }
      },
      "6": {
        "name": "(anonymous_7)",
        "decl": { "start": { "line": 59, "column": 103 }, "end": { "line": 59, "column": 104 } },
        "loc": { "start": { "line": 59, "column": 109 }, "end": { "line": 61, "column": 13 } }
      },
      "7": {
        "name": "(anonymous_8)",
        "decl": { "start": { "line": 77, "column": 33 }, "end": { "line": 77, "column": 36 } },
        "loc": { "start": { "line": 77, "column": 39 }, "end": { "line": 77, "column": 62 } }
      },
      "8": {
        "name": "(anonymous_9)",
        "decl": { "start": { "line": 86, "column": 33 }, "end": { "line": 86, "column": 36 } },
        "loc": { "start": { "line": 86, "column": 39 }, "end": { "line": 86, "column": 62 } }
      }
    },
    "branchMap": {
      "0": {
        "loc": { "start": { "line": 23, "column": 8 }, "end": { "line": 29, "column": 9 } },
        "type": "if",
        "locations": [
          { "start": { "line": 23, "column": 8 }, "end": { "line": 29, "column": 9 } },
          { "start": { "line": 26, "column": 15 }, "end": { "line": 29, "column": 9 } }
        ]
      },
      "1": {
        "loc": { "start": { "line": 33, "column": 8 }, "end": { "line": 37, "column": 9 } },
        "type": "if",
        "locations": [
          { "start": { "line": 33, "column": 8 }, "end": { "line": 37, "column": 9 } },
          { "start": { "line": 35, "column": 15 }, "end": { "line": 37, "column": 9 } }
        ]
      },
      "2": {
        "loc": { "start": { "line": 43, "column": 23 }, "end": { "line": 43, "column": 67 } },
        "type": "cond-expr",
        "locations": [
          { "start": { "line": 43, "column": 44 }, "end": { "line": 43, "column": 54 } },
          { "start": { "line": 43, "column": 57 }, "end": { "line": 43, "column": 67 } }
        ]
      },
      "3": {
        "loc": { "start": { "line": 51, "column": 21 }, "end": { "line": 53, "column": null } },
        "type": "binary-expr",
        "locations": [
          { "start": { "line": 51, "column": 22 }, "end": { "line": 51, "column": 36 } },
          { "start": { "line": 51, "column": 40 }, "end": { "line": 51, "column": 50 } },
          { "start": { "line": 51, "column": 54 }, "end": { "line": 51, "column": 93 } },
          { "start": { "line": 52, "column": 24 }, "end": { "line": 53, "column": null } }
        ]
      },
      "4": {
        "loc": { "start": { "line": 59, "column": 42 }, "end": { "line": 59, "column": 86 } },
        "type": "cond-expr",
        "locations": [
          { "start": { "line": 59, "column": 63 }, "end": { "line": 59, "column": 73 } },
          { "start": { "line": 59, "column": 76 }, "end": { "line": 59, "column": 86 } }
        ]
      },
      "5": {
        "loc": { "start": { "line": 62, "column": 31 }, "end": { "line": 62, "column": 71 } },
        "type": "cond-expr",
        "locations": [
          { "start": { "line": 62, "column": 52 }, "end": { "line": 62, "column": 60 } },
          { "start": { "line": 62, "column": 63 }, "end": { "line": 62, "column": 71 } }
        ]
      },
      "6": {
        "loc": { "start": { "line": 65, "column": 43 }, "end": { "line": 65, "column": 83 } },
        "type": "cond-expr",
        "locations": [
          { "start": { "line": 65, "column": 64 }, "end": { "line": 65, "column": 72 } },
          { "start": { "line": 65, "column": 75 }, "end": { "line": 65, "column": 83 } }
        ]
      },
      "7": {
        "loc": { "start": { "line": 76, "column": 50 }, "end": { "line": 76, "column": 116 } },
        "type": "cond-expr",
        "locations": [
          { "start": { "line": 76, "column": 76 }, "end": { "line": 76, "column": 100 } },
          { "start": { "line": 76, "column": 103 }, "end": { "line": 76, "column": 116 } }
        ]
      },
      "8": {
        "loc": { "start": { "line": 85, "column": 50 }, "end": { "line": 85, "column": 116 } },
        "type": "cond-expr",
        "locations": [
          { "start": { "line": 85, "column": 76 }, "end": { "line": 85, "column": 100 } },
          { "start": { "line": 85, "column": 103 }, "end": { "line": 85, "column": 116 } }
        ]
      },
      "9": {
        "loc": { "start": { "line": 93, "column": 21 }, "end": { "line": 93, "column": 80 } },
        "type": "cond-expr",
        "locations": [
          { "start": { "line": 93, "column": 47 }, "end": { "line": 93, "column": 62 } },
          { "start": { "line": 93, "column": 65 }, "end": { "line": 93, "column": 80 } }
        ]
      }
    },
    "s": {
      "0": 1,
      "1": 1,
      "2": 1,
      "3": 1,
      "4": 1,
      "5": 1,
      "6": 1,
      "7": 1,
      "8": 1,
      "9": 1,
      "10": 1,
      "11": 1,
      "12": 1,
      "13": 0,
      "14": 0,
      "15": 0,
      "16": 0,
      "17": 0,
      "18": 1,
      "19": 0,
      "20": 0,
      "21": 0,
      "22": 1,
      "23": 3,
      "24": 0,
      "25": 3,
      "26": 0,
      "27": 1,
      "28": 0,
      "29": 0,
      "30": 1
    },
    "f": { "0": 1, "1": 0, "2": 0, "3": 3, "4": 0, "5": 3, "6": 0, "7": 0, "8": 0 },
    "b": {
      "0": [0, 0],
      "1": [0, 0],
      "2": [2, 1],
      "3": [3, 3, 3, 3],
      "4": [2, 1],
      "5": [2, 1],
      "6": [2, 1],
      "7": [1, 0],
      "8": [0, 1],
      "9": [1, 0]
    }
  },
  "/workspaces/data-gpt-take-home/frontend/src/dashboard/components/countryselect.tsx": {
    "path": "/workspaces/data-gpt-take-home/frontend/src/dashboard/components/countryselect.tsx",
    "statementMap": {
      "0": { "start": { "line": 2, "column": 0 }, "end": { "line": 2, "column": 103 } },
      "1": { "start": { "line": 4, "column": 0 }, "end": { "line": 4, "column": 59 } },
      "2": { "start": { "line": 7, "column": 122 }, "end": { "line": 27, "column": 1 } },
      "3": { "start": { "line": 8, "column": 22 }, "end": { "line": 8, "column": 54 } },
      "4": { "start": { "line": 10, "column": 4 }, "end": { "line": 26, "column": 6 } },
      "5": { "start": { "line": 22, "column": 51 }, "end": { "line": 22, "column": 108 } },
      "6": { "start": { "line": 29, "column": 0 }, "end": { "line": 29, "column": 29 } }
    },
    "fnMap": {
      "0": {
        "name": "(anonymous_0)",
        "decl": { "start": { "line": 7, "column": 122 }, "end": { "line": 7, "column": 123 } },
        "loc": { "start": { "line": 7, "column": 174 }, "end": { "line": 27, "column": 1 } }
      },
      "1": {
        "name": "(anonymous_1)",
        "decl": { "start": { "line": 22, "column": 36 }, "end": { "line": 22, "column": 37 } },
        "loc": { "start": { "line": 22, "column": 51 }, "end": { "line": 22, "column": 108 } }
      }
    },
    "branchMap": {
      "0": {
        "loc": { "start": { "line": 20, "column": 13 }, "end": { "line": 22, "column": null } },
        "type": "binary-expr",
        "locations": [
          { "start": { "line": 20, "column": 14 }, "end": { "line": 20, "column": 33 } },
          { "start": { "line": 20, "column": 33 }, "end": { "line": 20, "column": 44 } },
          { "start": { "line": 20, "column": 48 }, "end": { "line": 20, "column": 88 } },
          { "start": { "line": 21, "column": 16 }, "end": { "line": 22, "column": null } }
        ]
      },
      "1": {
        "loc": { "start": { "line": 20, "column": 15 }, "end": { "line": 20, "column": 29 } },
        "type": "cond-expr",
        "locations": [
          { "start": { "line": 20, "column": 20 }, "end": { "line": 20, "column": 22 } },
          { "start": { "line": 20, "column": 15 }, "end": { "line": 20, "column": 29 } }
        ]
      },
      "2": {
        "loc": { "start": { "line": 20, "column": 15 }, "end": { "line": 20, "column": 22 } },
        "type": "binary-expr",
        "locations": [
          { "start": { "line": 20, "column": 15 }, "end": { "line": 20, "column": 22 } },
          { "start": { "line": 20, "column": 15 }, "end": { "line": 20, "column": 22 } }
        ]
      },
      "3": {
        "loc": { "start": { "line": 20, "column": 33 }, "end": { "line": 20, "column": 44 } },
        "type": "cond-expr",
        "locations": [
          { "start": { "line": 20, "column": 38 }, "end": { "line": 20, "column": 40 } },
          { "start": { "line": 20, "column": 33 }, "end": { "line": 20, "column": 44 } }
        ]
      },
      "4": {
        "loc": { "start": { "line": 20, "column": 33 }, "end": { "line": 20, "column": 40 } },
        "type": "binary-expr",
        "locations": [
          { "start": { "line": 20, "column": 33 }, "end": { "line": 20, "column": 40 } },
          { "start": { "line": 20, "column": 33 }, "end": { "line": 20, "column": 40 } }
        ]
      },
      "5": {
        "loc": { "start": { "line": 20, "column": 48 }, "end": { "line": 20, "column": 61 } },
        "type": "cond-expr",
        "locations": [
          { "start": { "line": 20, "column": 53 }, "end": { "line": 20, "column": 55 } },
          { "start": { "line": 20, "column": 48 }, "end": { "line": 20, "column": 61 } }
        ]
      },
      "6": {
        "loc": { "start": { "line": 20, "column": 48 }, "end": { "line": 20, "column": 55 } },
        "type": "binary-expr",
        "locations": [
          { "start": { "line": 20, "column": 48 }, "end": { "line": 20, "column": 55 } },
          { "start": { "line": 20, "column": 48 }, "end": { "line": 20, "column": 55 } }
        ]
      }
    },
    "s": { "0": 2, "1": 2, "2": 2, "3": 4, "4": 4, "5": 3, "6": 2 },
    "f": { "0": 4, "1": 3 },
    "b": { "0": [4, 4, 3, 3], "1": [1, 3], "2": [4, 4], "3": [1, 3], "4": [4, 4], "5": [0, 3], "6": [3, 3] }
  },
  "/workspaces/data-gpt-take-home/frontend/src/dashboard/components/covidcasescharts/index.tsx": {
    "path": "/workspaces/data-gpt-take-home/frontend/src/dashboard/components/covidcasescharts/index.tsx",
    "statementMap": {
      "0": { "start": { "line": 1, "column": 0 }, "end": { "line": 1, "column": 41 } },
      "1": { "start": { "line": 2, "column": 0 }, "end": { "line": 2, "column": 31 } },
      "2": { "start": { "line": 3, "column": 0 }, "end": { "line": 3, "column": 51 } },
      "3": { "start": { "line": 5, "column": 60 }, "end": { "line": 207, "column": 1 } },
      "4": { "start": { "line": 6, "column": 144 }, "end": { "line": 6, "column": 178 } },
      "5": { "start": { "line": 7, "column": 37 }, "end": { "line": 43, "column": 66 } },
      "6": { "start": { "line": 8, "column": 8 }, "end": { "line": 41, "column": null } },
      "7": { "start": { "line": 31, "column": 128 }, "end": { "line": 31, "column": 172 } },
      "8": { "start": { "line": 45, "column": 40 }, "end": { "line": 82, "column": 112 } },
      "9": { "start": { "line": 46, "column": 8 }, "end": { "line": 80, "column": null } },
      "10": { "start": { "line": 71, "column": 135 }, "end": { "line": 71, "column": 180 } },
      "11": { "start": { "line": 84, "column": 46 }, "end": { "line": 125, "column": 122 } },
      "12": { "start": { "line": 85, "column": 8 }, "end": { "line": 123, "column": null } },
      "13": { "start": { "line": 109, "column": 156 }, "end": { "line": 109, "column": 210 } },
      "14": { "start": { "line": 115, "column": 158 }, "end": { "line": 115, "column": 213 } },
      "15": { "start": { "line": 127, "column": 45 }, "end": { "line": 200, "column": 124 } },
      "16": { "start": { "line": 128, "column": 8 }, "end": { "line": 198, "column": null } },
      "17": { "start": { "line": 201, "column": 4 }, "end": { "line": 206, "column": null } },
      "18": { "start": { "line": 209, "column": 0 }, "end": { "line": 209, "column": null } }
    },
    "fnMap": {
      "0": {
        "name": "(anonymous_1)",
        "decl": { "start": { "line": 5, "column": 60 }, "end": { "line": 5, "column": 61 } },
        "loc": { "start": { "line": 5, "column": 80 }, "end": { "line": 207, "column": 1 } }
      },
      "1": {
        "name": "(anonymous_2)",
        "decl": { "start": { "line": 7, "column": 45 }, "end": { "line": 7, "column": 48 } },
        "loc": { "start": { "line": 7, "column": 50 }, "end": { "line": 43, "column": 5 } }
      },
      "2": {
        "name": "(anonymous_3)",
        "decl": { "start": { "line": 31, "column": 68 }, "end": { "line": 31, "column": 69 } },
        "loc": { "start": { "line": 31, "column": 128 }, "end": { "line": 31, "column": 172 } }
      },
      "3": {
        "name": "(anonymous_4)",
        "decl": { "start": { "line": 45, "column": 48 }, "end": { "line": 45, "column": 51 } },
        "loc": { "start": { "line": 45, "column": 53 }, "end": { "line": 82, "column": 5 } }
      },
      "4": {
        "name": "(anonymous_5)",
        "decl": { "start": { "line": 71, "column": 73 }, "end": { "line": 71, "column": 74 } },
        "loc": { "start": { "line": 71, "column": 135 }, "end": { "line": 71, "column": 180 } }
      },
      "5": {
        "name": "(anonymous_6)",
        "decl": { "start": { "line": 84, "column": 54 }, "end": { "line": 84, "column": 57 } },
        "loc": { "start": { "line": 84, "column": 59 }, "end": { "line": 125, "column": 5 } }
      },
      "6": {
        "name": "(anonymous_7)",
        "decl": { "start": { "line": 109, "column": 78 }, "end": { "line": 109, "column": 79 } },
        "loc": { "start": { "line": 109, "column": 156 }, "end": { "line": 109, "column": 210 } }
      },
      "7": {
        "name": "(anonymous_8)",
        "decl": { "start": { "line": 115, "column": 78 }, "end": { "line": 115, "column": 79 } },
        "loc": { "start": { "line": 115, "column": 158 }, "end": { "line": 115, "column": 213 } }
      },
      "8": {
        "name": "(anonymous_9)",
        "decl": { "start": { "line": 127, "column": 53 }, "end": { "line": 127, "column": 56 } },
        "loc": { "start": { "line": 127, "column": 58 }, "end": { "line": 200, "column": 5 } }
      }
    },
    "branchMap": {
      "0": {
        "loc": { "start": { "line": 10, "column": 29 }, "end": { "line": 10, "column": 103 } },
        "type": "binary-expr",
        "locations": [
          { "start": { "line": 10, "column": 29 }, "end": { "line": 10, "column": 59 } },
          { "start": { "line": 10, "column": 63 }, "end": { "line": 10, "column": 103 } }
        ]
      },
      "1": {
        "loc": { "start": { "line": 10, "column": 63 }, "end": { "line": 10, "column": 97 } },
        "type": "cond-expr",
        "locations": [
          { "start": { "line": 10, "column": 89 }, "end": { "line": 10, "column": 91 } },
          { "start": { "line": 10, "column": 89 }, "end": { "line": 10, "column": 97 } }
        ]
      },
      "2": {
        "loc": { "start": { "line": 10, "column": 63 }, "end": { "line": 10, "column": 91 } },
        "type": "binary-expr",
        "locations": [
          { "start": { "line": 10, "column": 63 }, "end": { "line": 10, "column": 91 } },
          { "start": { "line": 10, "column": 89 }, "end": { "line": 10, "column": 91 } }
        ]
      },
      "3": {
        "loc": { "start": { "line": 11, "column": 13 }, "end": { "line": 36, "column": null } },
        "type": "binary-expr",
        "locations": [
          { "start": { "line": 11, "column": 14 }, "end": { "line": 11, "column": 44 } },
          { "start": { "line": 11, "column": 48 }, "end": { "line": 11, "column": 86 } },
          { "start": { "line": 12, "column": 16 }, "end": { "line": 36, "column": null } }
        ]
      },
      "4": {
        "loc": { "start": { "line": 11, "column": 48 }, "end": { "line": 11, "column": 82 } },
        "type": "cond-expr",
        "locations": [
          { "start": { "line": 11, "column": 74 }, "end": { "line": 11, "column": 76 } },
          { "start": { "line": 11, "column": 74 }, "end": { "line": 11, "column": 82 } }
        ]
      },
      "5": {
        "loc": { "start": { "line": 11, "column": 48 }, "end": { "line": 11, "column": 76 } },
        "type": "binary-expr",
        "locations": [
          { "start": { "line": 11, "column": 48 }, "end": { "line": 11, "column": 76 } },
          { "start": { "line": 11, "column": 74 }, "end": { "line": 11, "column": 76 } }
        ]
      },
      "6": {
        "loc": { "start": { "line": 31, "column": 34 }, "end": { "line": 31, "column": 173 } },
        "type": "cond-expr",
        "locations": [
          { "start": { "line": 31, "column": 62 }, "end": { "line": 31, "column": 64 } },
          { "start": { "line": 31, "column": 62 }, "end": { "line": 31, "column": 173 } }
        ]
      },
      "7": {
        "loc": { "start": { "line": 31, "column": 34 }, "end": { "line": 31, "column": 64 } },
        "type": "binary-expr",
        "locations": [
          { "start": { "line": 31, "column": 34 }, "end": { "line": 31, "column": 64 } },
          { "start": { "line": 31, "column": 62 }, "end": { "line": 31, "column": 64 } }
        ]
      },
      "8": {
        "loc": { "start": { "line": 31, "column": 34 }, "end": { "line": 31, "column": 62 } },
        "type": "cond-expr",
        "locations": [
          { "start": { "line": 31, "column": 56 }, "end": { "line": 31, "column": 58 } },
          { "start": { "line": 31, "column": 56 }, "end": { "line": 31, "column": 62 } }
        ]
      },
      "9": {
        "loc": { "start": { "line": 31, "column": 34 }, "end": { "line": 31, "column": 58 } },
        "type": "binary-expr",
        "locations": [
          { "start": { "line": 31, "column": 34 }, "end": { "line": 31, "column": 58 } },
          { "start": { "line": 31, "column": 56 }, "end": { "line": 31, "column": 58 } }
        ]
      },
      "10": {
        "loc": { "start": { "line": 31, "column": 34 }, "end": { "line": 31, "column": 56 } },
        "type": "cond-expr",
        "locations": [
          { "start": { "line": 31, "column": 49 }, "end": { "line": 31, "column": 51 } },
          { "start": { "line": 31, "column": 34 }, "end": { "line": 31, "column": 56 } }
        ]
      },
      "11": {
        "loc": { "start": { "line": 31, "column": 34 }, "end": { "line": 31, "column": 51 } },
        "type": "binary-expr",
        "locations": [
          { "start": { "line": 31, "column": 34 }, "end": { "line": 31, "column": 51 } },
          { "start": { "line": 31, "column": 34 }, "end": { "line": 31, "column": 51 } }
        ]
      },
      "12": {
        "loc": { "start": { "line": 48, "column": 29 }, "end": { "line": 48, "column": 113 } },
        "type": "binary-expr",
        "locations": [
          { "start": { "line": 48, "column": 29 }, "end": { "line": 48, "column": 64 } },
          { "start": { "line": 48, "column": 68 }, "end": { "line": 48, "column": 113 } }
        ]
      },
      "13": {
        "loc": { "start": { "line": 48, "column": 68 }, "end": { "line": 48, "column": 107 } },
        "type": "cond-expr",
        "locations": [
          { "start": { "line": 48, "column": 99 }, "end": { "line": 48, "column": 101 } },
          { "start": { "line": 48, "column": 99 }, "end": { "line": 48, "column": 107 } }
        ]
      },
      "14": {
        "loc": { "start": { "line": 48, "column": 68 }, "end": { "line": 48, "column": 101 } },
        "type": "binary-expr",
        "locations": [
          { "start": { "line": 48, "column": 68 }, "end": { "line": 48, "column": 101 } },
          { "start": { "line": 48, "column": 99 }, "end": { "line": 48, "column": 101 } }
        ]
      },
      "15": {
        "loc": { "start": { "line": 49, "column": 13 }, "end": { "line": 76, "column": null } },
        "type": "binary-expr",
        "locations": [
          { "start": { "line": 49, "column": 14 }, "end": { "line": 49, "column": 49 } },
          { "start": { "line": 49, "column": 53 }, "end": { "line": 49, "column": 96 } },
          { "start": { "line": 50, "column": 16 }, "end": { "line": 76, "column": null } }
        ]
      },
      "16": {
        "loc": { "start": { "line": 49, "column": 53 }, "end": { "line": 49, "column": 92 } },
        "type": "cond-expr",
        "locations": [
          { "start": { "line": 49, "column": 84 }, "end": { "line": 49, "column": 86 } },
          { "start": { "line": 49, "column": 84 }, "end": { "line": 49, "column": 92 } }
        ]
      },
      "17": {
        "loc": { "start": { "line": 49, "column": 53 }, "end": { "line": 49, "column": 86 } },
        "type": "binary-expr",
        "locations": [
          { "start": { "line": 49, "column": 53 }, "end": { "line": 49, "column": 86 } },
          { "start": { "line": 49, "column": 84 }, "end": { "line": 49, "column": 86 } }
        ]
      },
      "18": {
        "loc": { "start": { "line": 71, "column": 34 }, "end": { "line": 71, "column": 181 } },
        "type": "cond-expr",
        "locations": [
          { "start": { "line": 71, "column": 67 }, "end": { "line": 71, "column": 69 } },
          { "start": { "line": 71, "column": 67 }, "end": { "line": 71, "column": 181 } }
        ]
      },
      "19": {
        "loc": { "start": { "line": 71, "column": 34 }, "end": { "line": 71, "column": 69 } },
        "type": "binary-expr",
        "locations": [
          { "start": { "line": 71, "column": 34 }, "end": { "line": 71, "column": 69 } },
          { "start": { "line": 71, "column": 67 }, "end": { "line": 71, "column": 69 } }
        ]
      },
      "20": {
        "loc": { "start": { "line": 71, "column": 34 }, "end": { "line": 71, "column": 67 } },
        "type": "cond-expr",
        "locations": [
          { "start": { "line": 71, "column": 61 }, "end": { "line": 71, "column": 63 } },
          { "start": { "line": 71, "column": 61 }, "end": { "line": 71, "column": 67 } }
        ]
      },
      "21": {
        "loc": { "start": { "line": 71, "column": 34 }, "end": { "line": 71, "column": 63 } },
        "type": "binary-expr",
        "locations": [
          { "start": { "line": 71, "column": 34 }, "end": { "line": 71, "column": 63 } },
          { "start": { "line": 71, "column": 61 }, "end": { "line": 71, "column": 63 } }
        ]
      },
      "22": {
        "loc": { "start": { "line": 71, "column": 34 }, "end": { "line": 71, "column": 61 } },
        "type": "cond-expr",
        "locations": [
          { "start": { "line": 71, "column": 54 }, "end": { "line": 71, "column": 56 } },
          { "start": { "line": 71, "column": 34 }, "end": { "line": 71, "column": 61 } }
        ]
      },
      "23": {
        "loc": { "start": { "line": 71, "column": 34 }, "end": { "line": 71, "column": 56 } },
        "type": "binary-expr",
        "locations": [
          { "start": { "line": 71, "column": 34 }, "end": { "line": 71, "column": 56 } },
          { "start": { "line": 71, "column": 34 }, "end": { "line": 71, "column": 56 } }
        ]
      },
      "24": {
        "loc": { "start": { "line": 87, "column": 29 }, "end": { "line": 87, "column": 123 } },
        "type": "binary-expr",
        "locations": [
          { "start": { "line": 87, "column": 29 }, "end": { "line": 87, "column": 69 } },
          { "start": { "line": 87, "column": 73 }, "end": { "line": 87, "column": 123 } }
        ]
      },
      "25": {
        "loc": { "start": { "line": 87, "column": 73 }, "end": { "line": 87, "column": 117 } },
        "type": "cond-expr",
        "locations": [
          { "start": { "line": 87, "column": 109 }, "end": { "line": 87, "column": 111 } },
          { "start": { "line": 87, "column": 109 }, "end": { "line": 87, "column": 117 } }
        ]
      },
      "26": {
        "loc": { "start": { "line": 87, "column": 73 }, "end": { "line": 87, "column": 111 } },
        "type": "binary-expr",
        "locations": [
          { "start": { "line": 87, "column": 73 }, "end": { "line": 87, "column": 111 } },
          { "start": { "line": 87, "column": 109 }, "end": { "line": 87, "column": 111 } }
        ]
      },
      "27": {
        "loc": { "start": { "line": 88, "column": 13 }, "end": { "line": 119, "column": null } },
        "type": "binary-expr",
        "locations": [
          { "start": { "line": 88, "column": 14 }, "end": { "line": 88, "column": 54 } },
          { "start": { "line": 88, "column": 58 }, "end": { "line": 88, "column": 106 } },
          { "start": { "line": 89, "column": 16 }, "end": { "line": 119, "column": null } }
        ]
      },
      "28": {
        "loc": { "start": { "line": 88, "column": 58 }, "end": { "line": 88, "column": 102 } },
        "type": "cond-expr",
        "locations": [
          { "start": { "line": 88, "column": 94 }, "end": { "line": 88, "column": 96 } },
          { "start": { "line": 88, "column": 94 }, "end": { "line": 88, "column": 102 } }
        ]
      },
      "29": {
        "loc": { "start": { "line": 88, "column": 58 }, "end": { "line": 88, "column": 96 } },
        "type": "binary-expr",
        "locations": [
          { "start": { "line": 88, "column": 58 }, "end": { "line": 88, "column": 96 } },
          { "start": { "line": 88, "column": 94 }, "end": { "line": 88, "column": 96 } }
        ]
      },
      "30": {
        "loc": { "start": { "line": 109, "column": 34 }, "end": { "line": 109, "column": 211 } },
        "type": "cond-expr",
        "locations": [
          { "start": { "line": 109, "column": 72 }, "end": { "line": 109, "column": 74 } },
          { "start": { "line": 109, "column": 72 }, "end": { "line": 109, "column": 211 } }
        ]
      },
      "31": {
        "loc": { "start": { "line": 109, "column": 34 }, "end": { "line": 109, "column": 74 } },
        "type": "binary-expr",
        "locations": [
          { "start": { "line": 109, "column": 34 }, "end": { "line": 109, "column": 74 } },
          { "start": { "line": 109, "column": 72 }, "end": { "line": 109, "column": 74 } }
        ]
      },
      "32": {
        "loc": { "start": { "line": 109, "column": 34 }, "end": { "line": 109, "column": 72 } },
        "type": "cond-expr",
        "locations": [
          { "start": { "line": 109, "column": 66 }, "end": { "line": 109, "column": 68 } },
          { "start": { "line": 109, "column": 66 }, "end": { "line": 109, "column": 72 } }
        ]
      },
      "33": {
        "loc": { "start": { "line": 109, "column": 34 }, "end": { "line": 109, "column": 68 } },
        "type": "binary-expr",
        "locations": [
          { "start": { "line": 109, "column": 34 }, "end": { "line": 109, "column": 68 } },
          { "start": { "line": 109, "column": 66 }, "end": { "line": 109, "column": 68 } }
        ]
      },
      "34": {
        "loc": { "start": { "line": 109, "column": 34 }, "end": { "line": 109, "column": 66 } },
        "type": "cond-expr",
        "locations": [
          { "start": { "line": 109, "column": 59 }, "end": { "line": 109, "column": 61 } },
          { "start": { "line": 109, "column": 34 }, "end": { "line": 109, "column": 66 } }
        ]
      },
      "35": {
        "loc": { "start": { "line": 109, "column": 34 }, "end": { "line": 109, "column": 61 } },
        "type": "binary-expr",
        "locations": [
          { "start": { "line": 109, "column": 34 }, "end": { "line": 109, "column": 61 } },
          { "start": { "line": 109, "column": 34 }, "end": { "line": 109, "column": 61 } }
        ]
      },
      "36": {
        "loc": { "start": { "line": 115, "column": 34 }, "end": { "line": 115, "column": 214 } },
        "type": "cond-expr",
        "locations": [
          { "start": { "line": 115, "column": 72 }, "end": { "line": 115, "column": 74 } },
          { "start": { "line": 115, "column": 72 }, "end": { "line": 115, "column": 214 } }
        ]
      },
      "37": {
        "loc": { "start": { "line": 115, "column": 34 }, "end": { "line": 115, "column": 74 } },
        "type": "binary-expr",
        "locations": [
          { "start": { "line": 115, "column": 34 }, "end": { "line": 115, "column": 74 } },
          { "start": { "line": 115, "column": 72 }, "end": { "line": 115, "column": 74 } }
        ]
      },
      "38": {
        "loc": { "start": { "line": 115, "column": 34 }, "end": { "line": 115, "column": 72 } },
        "type": "cond-expr",
        "locations": [
          { "start": { "line": 115, "column": 66 }, "end": { "line": 115, "column": 68 } },
          { "start": { "line": 115, "column": 66 }, "end": { "line": 115, "column": 72 } }
        ]
      },
      "39": {
        "loc": { "start": { "line": 115, "column": 34 }, "end": { "line": 115, "column": 68 } },
        "type": "binary-expr",
        "locations": [
          { "start": { "line": 115, "column": 34 }, "end": { "line": 115, "column": 68 } },
          { "start": { "line": 115, "column": 66 }, "end": { "line": 115, "column": 68 } }
        ]
      },
      "40": {
        "loc": { "start": { "line": 115, "column": 34 }, "end": { "line": 115, "column": 66 } },
        "type": "cond-expr",
        "locations": [
          { "start": { "line": 115, "column": 59 }, "end": { "line": 115, "column": 61 } },
          { "start": { "line": 115, "column": 34 }, "end": { "line": 115, "column": 66 } }
        ]
      },
      "41": {
        "loc": { "start": { "line": 115, "column": 34 }, "end": { "line": 115, "column": 61 } },
        "type": "binary-expr",
        "locations": [
          { "start": { "line": 115, "column": 34 }, "end": { "line": 115, "column": 61 } },
          { "start": { "line": 115, "column": 34 }, "end": { "line": 115, "column": 61 } }
        ]
      },
      "42": {
        "loc": { "start": { "line": 130, "column": 29 }, "end": { "line": 130, "column": 125 } },
        "type": "binary-expr",
        "locations": [
          { "start": { "line": 130, "column": 29 }, "end": { "line": 130, "column": 70 } },
          { "start": { "line": 130, "column": 74 }, "end": { "line": 130, "column": 125 } }
        ]
      },
      "43": {
        "loc": { "start": { "line": 130, "column": 74 }, "end": { "line": 130, "column": 119 } },
        "type": "cond-expr",
        "locations": [
          { "start": { "line": 130, "column": 111 }, "end": { "line": 130, "column": 113 } },
          { "start": { "line": 130, "column": 111 }, "end": { "line": 130, "column": 119 } }
        ]
      },
      "44": {
        "loc": { "start": { "line": 130, "column": 74 }, "end": { "line": 130, "column": 113 } },
        "type": "binary-expr",
        "locations": [
          { "start": { "line": 130, "column": 74 }, "end": { "line": 130, "column": 113 } },
          { "start": { "line": 130, "column": 111 }, "end": { "line": 130, "column": 113 } }
        ]
      },
      "45": {
        "loc": { "start": { "line": 131, "column": 13 }, "end": { "line": 192, "column": null } },
        "type": "binary-expr",
        "locations": [
          { "start": { "line": 131, "column": 14 }, "end": { "line": 131, "column": 55 } },
          { "start": { "line": 131, "column": 59 }, "end": { "line": 131, "column": 108 } },
          { "start": { "line": 132, "column": 16 }, "end": { "line": 192, "column": null } }
        ]
      },
      "46": {
        "loc": { "start": { "line": 131, "column": 59 }, "end": { "line": 131, "column": 104 } },
        "type": "cond-expr",
        "locations": [
          { "start": { "line": 131, "column": 96 }, "end": { "line": 131, "column": 98 } },
          { "start": { "line": 131, "column": 96 }, "end": { "line": 131, "column": 104 } }
        ]
      },
      "47": {
        "loc": { "start": { "line": 131, "column": 59 }, "end": { "line": 131, "column": 98 } },
        "type": "binary-expr",
        "locations": [
          { "start": { "line": 131, "column": 59 }, "end": { "line": 131, "column": 98 } },
          { "start": { "line": 131, "column": 96 }, "end": { "line": 131, "column": 98 } }
        ]
      },
      "48": {
        "loc": { "start": { "line": 182, "column": 44 }, "end": { "line": 182, "column": 113 } },
        "type": "cond-expr",
        "locations": [
          { "start": { "line": 182, "column": 81 }, "end": { "line": 182, "column": 83 } },
          { "start": { "line": 182, "column": 81 }, "end": { "line": 182, "column": 113 } }
        ]
      },
      "49": {
        "loc": { "start": { "line": 182, "column": 44 }, "end": { "line": 182, "column": 83 } },
        "type": "binary-expr",
        "locations": [
          { "start": { "line": 182, "column": 44 }, "end": { "line": 182, "column": 83 } },
          { "start": { "line": 182, "column": 81 }, "end": { "line": 182, "column": 83 } }
        ]
      },
      "50": {
        "loc": { "start": { "line": 187, "column": 51 }, "end": { "line": 187, "column": 120 } },
        "type": "cond-expr",
        "locations": [
          { "start": { "line": 187, "column": 88 }, "end": { "line": 187, "column": 90 } },
          { "start": { "line": 187, "column": 88 }, "end": { "line": 187, "column": 120 } }
        ]
      },
      "51": {
        "loc": { "start": { "line": 187, "column": 51 }, "end": { "line": 187, "column": 90 } },
        "type": "binary-expr",
        "locations": [
          { "start": { "line": 187, "column": 51 }, "end": { "line": 187, "column": 90 } },
          { "start": { "line": 187, "column": 88 }, "end": { "line": 187, "column": 90 } }
        ]
      }
    },
    "s": {
      "0": 2,
      "1": 2,
      "2": 2,
      "3": 2,
      "4": 4,
      "5": 4,
      "6": 4,
      "7": 4,
      "8": 4,
      "9": 4,
      "10": 4,
      "11": 4,
      "12": 4,
      "13": 4,
      "14": 4,
      "15": 4,
      "16": 4,
      "17": 4,
      "18": 2
    },
    "f": { "0": 4, "1": 4, "2": 4, "3": 4, "4": 4, "5": 4, "6": 4, "7": 4, "8": 4 },
    "b": {
      "0": [4, 4],
      "1": [0, 4],
      "2": [4, 4],
      "3": [4, 4, 4],
      "4": [0, 4],
      "5": [4, 4],
      "6": [0, 4],
      "7": [4, 4],
      "8": [0, 4],
      "9": [4, 4],
      "10": [0, 4],
      "11": [4, 4],
      "12": [4, 4],
      "13": [0, 4],
      "14": [4, 4],
      "15": [4, 4, 4],
      "16": [0, 4],
      "17": [4, 4],
      "18": [0, 4],
      "19": [4, 4],
      "20": [0, 4],
      "21": [4, 4],
      "22": [0, 4],
      "23": [4, 4],
      "24": [4, 4],
      "25": [0, 4],
      "26": [4, 4],
      "27": [4, 4, 4],
      "28": [0, 4],
      "29": [4, 4],
      "30": [0, 4],
      "31": [4, 4],
      "32": [0, 4],
      "33": [4, 4],
      "34": [0, 4],
      "35": [4, 4],
      "36": [0, 4],
      "37": [4, 4],
      "38": [0, 4],
      "39": [4, 4],
      "40": [0, 4],
      "41": [4, 4],
      "42": [4, 4],
      "43": [0, 4],
      "44": [4, 4],
      "45": [4, 4, 4],
      "46": [0, 4],
      "47": [4, 4],
      "48": [0, 4],
      "49": [4, 4],
      "50": [0, 4],
      "51": [4, 4]
    }
  },
  "/workspaces/data-gpt-take-home/frontend/src/dashboard/components/covidcasescharts/useFetchCovidData.tsx": {
    "path": "/workspaces/data-gpt-take-home/frontend/src/dashboard/components/covidcasescharts/useFetchCovidData.tsx",
    "statementMap": {
      "0": { "start": { "line": 1, "column": 0 }, "end": { "line": 1, "column": 51 } },
      "1": { "start": { "line": 2, "column": 0 }, "end": { "line": 2, "column": 69 } },
      "2": { "start": { "line": 3, "column": 0 }, "end": { "line": 3, "column": 61 } },
      "3": { "start": { "line": 7, "column": 28 }, "end": { "line": 7, "column": 106 } },
      "4": { "start": { "line": 8, "column": 33 }, "end": { "line": 8, "column": 104 } },
      "5": { "start": { "line": 9, "column": 38 }, "end": { "line": 9, "column": 110 } },
      "6": { "start": { "line": 10, "column": 39 }, "end": { "line": 10, "column": 122 } },
      "7": { "start": { "line": 12, "column": 29 }, "end": { "line": 13, "column": 53 } },
      "8": { "start": { "line": 12, "column": 47 }, "end": { "line": 13, "column": 53 } },
      "9": { "start": { "line": 15, "column": 28 }, "end": { "line": 15, "column": 129 } },
      "10": { "start": { "line": 15, "column": 46 }, "end": { "line": 15, "column": 129 } },
      "11": { "start": { "line": 18, "column": 4 }, "end": { "line": 25, "column": null } },
      "12": { "start": { "line": 28, "column": 0 }, "end": { "line": 28, "column": 33 } }
    },
    "fnMap": {
      "0": {
        "name": "useFetchCovidData",
        "decl": { "start": { "line": 5, "column": 9 }, "end": { "line": 5, "column": 26 } },
        "loc": { "start": { "line": 5, "column": 67 }, "end": { "line": 26, "column": 1 } }
      },
      "1": {
        "name": "(anonymous_1)",
        "decl": { "start": { "line": 12, "column": 29 }, "end": { "line": 12, "column": 30 } },
        "loc": { "start": { "line": 12, "column": 47 }, "end": { "line": 13, "column": 53 } }
      },
      "2": {
        "name": "(anonymous_2)",
        "decl": { "start": { "line": 15, "column": 28 }, "end": { "line": 15, "column": 29 } },
        "loc": { "start": { "line": 15, "column": 46 }, "end": { "line": 15, "column": 129 } }
      }
    },
    "branchMap": {
      "0": {
        "loc": { "start": { "line": 12, "column": 51 }, "end": { "line": 13, "column": 49 } },
        "type": "binary-expr",
        "locations": [
          { "start": { "line": 12, "column": 51 }, "end": { "line": 12, "column": 54 } },
          { "start": { "line": 12, "column": 58 }, "end": { "line": 13, "column": 49 } }
        ]
      },
      "1": {
        "loc": { "start": { "line": 15, "column": 50 }, "end": { "line": 15, "column": 125 } },
        "type": "binary-expr",
        "locations": [
          { "start": { "line": 15, "column": 50 }, "end": { "line": 15, "column": 53 } },
          { "start": { "line": 15, "column": 57 }, "end": { "line": 15, "column": 125 } }
        ]
      }
    },
    "s": {
      "0": 3,
      "1": 3,
      "2": 3,
      "3": 5,
      "4": 5,
      "5": 5,
      "6": 5,
      "7": 5,
      "8": 16,
      "9": 5,
      "10": 16,
      "11": 5,
      "12": 3
    },
    "f": { "0": 5, "1": 16, "2": 16 },
    "b": { "0": [16, 0], "1": [16, 0] }
  },
  "/workspaces/data-gpt-take-home/frontend/src/dashboard/enums/usecase.ts": {
    "path": "/workspaces/data-gpt-take-home/frontend/src/dashboard/enums/usecase.ts",
    "statementMap": {
      "0": { "start": { "line": 1, "column": 0 }, "end": { "line": 1, "column": null } },
      "1": { "start": { "line": 2, "column": 4 }, "end": { "line": 2, "column": null } },
      "2": { "start": { "line": 3, "column": 4 }, "end": { "line": 3, "column": null } },
      "3": { "start": { "line": 4, "column": 4 }, "end": { "line": 4, "column": null } },
      "4": { "start": { "line": 5, "column": 4 }, "end": { "line": 5, "column": null } },
      "5": { "start": { "line": 6, "column": 4 }, "end": { "line": 6, "column": null } }
    },
    "fnMap": {
      "0": {
        "name": "(anonymous_0)",
        "decl": { "start": { "line": 1, "column": 0 }, "end": { "line": 1, "column": 12 } },
        "loc": { "start": { "line": 1, "column": 29 }, "end": { "line": 7, "column": 1 } }
      }
    },
    "branchMap": {
      "0": {
        "loc": { "start": { "line": 1, "column": 12 }, "end": { "line": 1, "column": null } },
        "type": "binary-expr",
        "locations": [
          { "start": { "line": 1, "column": 12 }, "end": { "line": 1, "column": 29 } },
          { "start": { "line": 1, "column": 29 }, "end": { "line": 1, "column": null } }
        ]
      }
    },
    "s": { "0": 3, "1": 3, "2": 3, "3": 3, "4": 3, "5": 3 },
    "f": { "0": 3 },
    "b": { "0": [3, 3] }
  },
  "/workspaces/data-gpt-take-home/frontend/src/lib/utils.ts": {
    "path": "/workspaces/data-gpt-take-home/frontend/src/lib/utils.ts",
    "statementMap": {
      "0": { "start": { "line": 4, "column": 0 }, "end": { "line": 4, "column": 16 } },
      "1": { "start": { "line": 1, "column": 0 }, "end": { "line": 1, "column": 44 } },
      "2": { "start": { "line": 2, "column": 0 }, "end": { "line": 2, "column": 40 } },
      "3": { "start": { "line": 5, "column": 2 }, "end": { "line": 5, "column": null } }
    },
    "fnMap": {
      "0": {
        "name": "cn",
        "decl": { "start": { "line": 4, "column": 16 }, "end": { "line": 4, "column": 18 } },
        "loc": { "start": { "line": 4, "column": 42 }, "end": { "line": 6, "column": 1 } }
      }
    },
    "branchMap": {},
    "s": { "0": 4, "1": 4, "2": 4, "3": 37 },
    "f": { "0": 37 },
    "b": {}
  }
}
