{"/workspaces/data-gpt-take-home/frontend/src/components/ui/chart.tsx": {"path":"/workspaces/data-gpt-take-home/frontend/src/components/ui/chart.tsx","statementMap":{"0":{"start":{"line":1,"column":0},"end":{"line":1,"column":37}},"1":{"start":{"line":2,"column":0},"end":{"line":2,"column":40}},"2":{"start":{"line":3,"column":0},"end":{"line":3,"column":59}},"3":{"start":{"line":5,"column":47},"end":{"line":8,"column":1}},"4":{"start":{"line":6,"column":28},"end":{"line":6,"column":67}},"5":{"start":{"line":7,"column":2},"end":{"line":7,"column":null}},"6":{"start":{"line":10,"column":0},"end":{"line":10,"column":null}}},"fnMap":{"0":{"name":"(anonymous_6)","decl":{"start":{"line":5,"column":47},"end":{"line":5,"column":48}},"loc":{"start":{"line":5,"column":80},"end":{"line":8,"column":1}}}},"branchMap":{},"s":{"0":2,"1":2,"2":2,"3":2,"4":16,"5":16,"6":2},"f":{"0":16},"b":{}}
,"/workspaces/data-gpt-take-home/frontend/src/components/ui/select.tsx": {"path":"/workspaces/data-gpt-take-home/frontend/src/components/ui/select.tsx","statementMap":{"0":{"start":{"line":1,"column":0},"end":{"line":1,"column":30}},"1":{"start":{"line":2,"column":0},"end":{"line":2,"column":57}},"2":{"start":{"line":3,"column":0},"end":{"line":3,"column":60}},"3":{"start":{"line":5,"column":0},"end":{"line":5,"column":32}},"4":{"start":{"line":7,"column":15},"end":{"line":7,"column":35}},"5":{"start":{"line":132,"column":2},"end":{"line":132,"column":8}},"6":{"start":{"line":9,"column":20},"end":{"line":9,"column":41}},"7":{"start":{"line":133,"column":2},"end":{"line":133,"column":13}},"8":{"start":{"line":11,"column":20},"end":{"line":11,"column":41}},"9":{"start":{"line":134,"column":2},"end":{"line":134,"column":13}},"10":{"start":{"line":13,"column":22},"end":{"line":30,"column":2}},"11":{"start":{"line":16,"column":24},"end":{"line":16,"column":29}},"12":{"start":{"line":16,"column":34},"end":{"line":16,"column":38}},"13":{"start":{"line":16,"column":46},"end":{"line":30,"column":2}},"14":{"start":{"line":135,"column":2},"end":{"line":135,"column":15}},"15":{"start":{"line":31,"column":0},"end":{"line":31,"column":null}},"16":{"start":{"line":33,"column":29},"end":{"line":44,"column":2}},"17":{"start":{"line":36,"column":14},"end":{"line":36,"column":19}},"18":{"start":{"line":36,"column":24},"end":{"line":36,"column":28}},"19":{"start":{"line":36,"column":36},"end":{"line":44,"column":2}},"20":{"start":{"line":140,"column":2},"end":{"line":140,"column":22}},"21":{"start":{"line":45,"column":0},"end":{"line":45,"column":null}},"22":{"start":{"line":47,"column":31},"end":{"line":58,"column":2}},"23":{"start":{"line":50,"column":14},"end":{"line":50,"column":19}},"24":{"start":{"line":50,"column":24},"end":{"line":50,"column":28}},"25":{"start":{"line":50,"column":36},"end":{"line":58,"column":2}},"26":{"start":{"line":141,"column":2},"end":{"line":141,"column":24}},"27":{"start":{"line":59,"column":0},"end":{"line":59,"column":null}},"28":{"start":{"line":61,"column":22},"end":{"line":90,"column":2}},"29":{"start":{"line":64,"column":45},"end":{"line":64,"column":50}},"30":{"start":{"line":64,"column":55},"end":{"line":64,"column":59}},"31":{"start":{"line":64,"column":67},"end":{"line":90,"column":2}},"32":{"start":{"line":136,"column":2},"end":{"line":136,"column":15}},"33":{"start":{"line":91,"column":0},"end":{"line":91,"column":null}},"34":{"start":{"line":93,"column":20},"end":{"line":98,"column":2}},"35":{"start":{"line":96,"column":14},"end":{"line":96,"column":19}},"36":{"start":{"line":96,"column":24},"end":{"line":96,"column":28}},"37":{"start":{"line":96,"column":36},"end":{"line":98,"column":2}},"38":{"start":{"line":137,"column":2},"end":{"line":137,"column":13}},"39":{"start":{"line":99,"column":0},"end":{"line":99,"column":null}},"40":{"start":{"line":101,"column":19},"end":{"line":120,"column":2}},"41":{"start":{"line":104,"column":24},"end":{"line":104,"column":29}},"42":{"start":{"line":104,"column":34},"end":{"line":104,"column":38}},"43":{"start":{"line":104,"column":46},"end":{"line":120,"column":2}},"44":{"start":{"line":138,"column":2},"end":{"line":138,"column":12}},"45":{"start":{"line":121,"column":0},"end":{"line":121,"column":null}},"46":{"start":{"line":123,"column":24},"end":{"line":128,"column":2}},"47":{"start":{"line":126,"column":14},"end":{"line":126,"column":19}},"48":{"start":{"line":126,"column":24},"end":{"line":126,"column":28}},"49":{"start":{"line":126,"column":36},"end":{"line":128,"column":2}},"50":{"start":{"line":139,"column":2},"end":{"line":139,"column":17}},"51":{"start":{"line":129,"column":0},"end":{"line":129,"column":null}}},"fnMap":{"0":{"name":"(anonymous_7)","decl":{"start":{"line":16,"column":2},"end":{"line":16,"column":3}},"loc":{"start":{"line":16,"column":45},"end":{"line":30,"column":2}}},"1":{"name":"(anonymous_8)","decl":{"start":{"line":36,"column":2},"end":{"line":36,"column":3}},"loc":{"start":{"line":36,"column":35},"end":{"line":44,"column":2}}},"2":{"name":"(anonymous_9)","decl":{"start":{"line":50,"column":2},"end":{"line":50,"column":3}},"loc":{"start":{"line":50,"column":35},"end":{"line":58,"column":2}}},"3":{"name":"(anonymous_10)","decl":{"start":{"line":64,"column":2},"end":{"line":64,"column":3}},"loc":{"start":{"line":64,"column":66},"end":{"line":90,"column":2}}},"4":{"name":"(anonymous_11)","decl":{"start":{"line":96,"column":2},"end":{"line":96,"column":3}},"loc":{"start":{"line":96,"column":35},"end":{"line":98,"column":2}}},"5":{"name":"(anonymous_12)","decl":{"start":{"line":104,"column":2},"end":{"line":104,"column":3}},"loc":{"start":{"line":104,"column":45},"end":{"line":120,"column":2}}},"6":{"name":"(anonymous_13)","decl":{"start":{"line":126,"column":2},"end":{"line":126,"column":3}},"loc":{"start":{"line":126,"column":35},"end":{"line":128,"column":2}}}},"branchMap":{"0":{"loc":{"start":{"line":64,"column":26},"end":{"line":64,"column":45}},"type":"default-arg","locations":[{"start":{"line":64,"column":37},"end":{"line":64,"column":45}}]},"1":{"loc":{"start":{"line":70,"column":8},"end":{"line":71,"column":139}},"type":"binary-expr","locations":[{"start":{"line":70,"column":8},"end":{"line":70,"column":29}},{"start":{"line":71,"column":10},"end":{"line":71,"column":139}}]},"2":{"loc":{"start":{"line":81,"column":10},"end":{"line":82,"column":101}},"type":"binary-expr","locations":[{"start":{"line":81,"column":10},"end":{"line":81,"column":31}},{"start":{"line":82,"column":12},"end":{"line":82,"column":101}}]}},"s":{"0":2,"1":2,"2":2,"3":2,"4":2,"5":2,"6":2,"7":2,"8":2,"9":2,"10":2,"11":7,"12":7,"13":7,"14":2,"15":2,"16":2,"17":6,"18":6,"19":6,"20":2,"21":2,"22":2,"23":6,"24":6,"25":6,"26":2,"27":2,"28":2,"29":6,"30":6,"31":6,"32":2,"33":2,"34":2,"35":0,"36":0,"37":0,"38":2,"39":2,"40":2,"41":6,"42":6,"43":6,"44":2,"45":2,"46":2,"47":0,"48":0,"49":0,"50":2,"51":2},"f":{"0":7,"1":6,"2":6,"3":6,"4":0,"5":6,"6":0},"b":{"0":[6],"1":[6,6],"2":[6,6]}}
,"/workspaces/data-gpt-take-home/frontend/src/components/ui/skeleton.tsx": {"path":"/workspaces/data-gpt-take-home/frontend/src/components/ui/skeleton.tsx","statementMap":{"0":{"start":{"line":7,"column":9},"end":{"line":7,"column":17}},"1":{"start":{"line":1,"column":0},"end":{"line":1,"column":32}},"2":{"start":{"line":3,"column":29},"end":{"line":3,"column":34}},"3":{"start":{"line":3,"column":39},"end":{"line":3,"column":79}},"4":{"start":{"line":4,"column":2},"end":{"line":4,"column":null}}},"fnMap":{"0":{"name":"Skeleton","decl":{"start":{"line":3,"column":9},"end":{"line":3,"column":17}},"loc":{"start":{"line":3,"column":79},"end":{"line":5,"column":1}}}},"branchMap":{},"s":{"0":3,"1":3,"2":0,"3":0,"4":0},"f":{"0":0},"b":{}}
,"/workspaces/data-gpt-take-home/frontend/src/dashboard/index.tsx": {"path":"/workspaces/data-gpt-take-home/frontend/src/dashboard/index.tsx","statementMap":{"0":{"start":{"line":1,"column":0},"end":{"line":1,"column":39}},"1":{"start":{"line":2,"column":0},"end":{"line":2,"column":102}},"2":{"start":{"line":4,"column":0},"end":{"line":4,"column":58}},"3":{"start":{"line":6,"column":0},"end":{"line":6,"column":54}},"4":{"start":{"line":7,"column":0},"end":{"line":7,"column":60}},"5":{"start":{"line":9,"column":25},"end":{"line":103,"column":1}},"6":{"start":{"line":10,"column":36},"end":{"line":10,"column":78}},"7":{"start":{"line":11,"column":38},"end":{"line":11,"column":58}},"8":{"start":{"line":12,"column":34},"end":{"line":12,"column":54}},"9":{"start":{"line":13,"column":38},"end":{"line":13,"column":58}},"10":{"start":{"line":14,"column":34},"end":{"line":14,"column":54}},"11":{"start":{"line":16,"column":20},"end":{"line":16,"column":40}},"12":{"start":{"line":18,"column":32},"end":{"line":26,"column":3}},"13":{"start":{"line":19,"column":4},"end":{"line":25,"column":5}},"14":{"start":{"line":20,"column":6},"end":{"line":20,"column":null}},"15":{"start":{"line":21,"column":6},"end":{"line":21,"column":null}},"16":{"start":{"line":23,"column":6},"end":{"line":23,"column":null}},"17":{"start":{"line":24,"column":6},"end":{"line":24,"column":null}},"18":{"start":{"line":28,"column":30},"end":{"line":34,"column":3}},"19":{"start":{"line":29,"column":4},"end":{"line":33,"column":5}},"20":{"start":{"line":30,"column":6},"end":{"line":30,"column":null}},"21":{"start":{"line":32,"column":6},"end":{"line":32,"column":null}},"22":{"start":{"line":36,"column":23},"end":{"line":68,"column":null}},"23":{"start":{"line":37,"column":4},"end":{"line":67,"column":null}},"24":{"start":{"line":41,"column":10},"end":{"line":41,"column":null}},"25":{"start":{"line":51,"column":16},"end":{"line":51,"column":73}},"26":{"start":{"line":62,"column":10},"end":{"line":62,"column":null}},"27":{"start":{"line":71,"column":2},"end":{"line":102,"column":null}},"28":{"start":{"line":81,"column":27},"end":{"line":81,"column":50}},"29":{"start":{"line":89,"column":27},"end":{"line":89,"column":50}},"30":{"start":{"line":105,"column":0},"end":{"line":105,"column":null}}},"fnMap":{"0":{"name":"(anonymous_1)","decl":{"start":{"line":9,"column":25},"end":{"line":9,"column":28}},"loc":{"start":{"line":9,"column":30},"end":{"line":103,"column":1}}},"1":{"name":"(anonymous_2)","decl":{"start":{"line":18,"column":32},"end":{"line":18,"column":33}},"loc":{"start":{"line":18,"column":71},"end":{"line":26,"column":3}}},"2":{"name":"(anonymous_3)","decl":{"start":{"line":28,"column":30},"end":{"line":28,"column":31}},"loc":{"start":{"line":28,"column":69},"end":{"line":34,"column":3}}},"3":{"name":"(anonymous_4)","decl":{"start":{"line":36,"column":23},"end":{"line":36,"column":24}},"loc":{"start":{"line":37,"column":4},"end":{"line":67,"column":null}}},"4":{"name":"(anonymous_5)","decl":{"start":{"line":40,"column":23},"end":{"line":40,"column":24}},"loc":{"start":{"line":40,"column":41},"end":{"line":42,"column":9}}},"5":{"name":"(anonymous_6)","decl":{"start":{"line":50,"column":30},"end":{"line":50,"column":31}},"loc":{"start":{"line":51,"column":16},"end":{"line":51,"column":73}}},"6":{"name":"(anonymous_7)","decl":{"start":{"line":61,"column":23},"end":{"line":61,"column":24}},"loc":{"start":{"line":61,"column":29},"end":{"line":63,"column":9}}},"7":{"name":"(anonymous_8)","decl":{"start":{"line":81,"column":21},"end":{"line":81,"column":24}},"loc":{"start":{"line":81,"column":27},"end":{"line":81,"column":50}}},"8":{"name":"(anonymous_9)","decl":{"start":{"line":89,"column":21},"end":{"line":89,"column":24}},"loc":{"start":{"line":89,"column":27},"end":{"line":89,"column":50}}}},"branchMap":{"0":{"loc":{"start":{"line":19,"column":4},"end":{"line":25,"column":5}},"type":"if","locations":[{"start":{"line":19,"column":4},"end":{"line":25,"column":5}},{"start":{"line":22,"column":11},"end":{"line":25,"column":5}}]},"1":{"loc":{"start":{"line":29,"column":4},"end":{"line":33,"column":5}},"type":"if","locations":[{"start":{"line":29,"column":4},"end":{"line":33,"column":5}},{"start":{"line":31,"column":11},"end":{"line":33,"column":5}}]},"2":{"loc":{"start":{"line":39,"column":15},"end":{"line":39,"column":59}},"type":"cond-expr","locations":[{"start":{"line":39,"column":36},"end":{"line":39,"column":46}},{"start":{"line":39,"column":49},"end":{"line":39,"column":59}}]},"3":{"loc":{"start":{"line":48,"column":11},"end":{"line":55,"column":null}},"type":"binary-expr","locations":[{"start":{"line":48,"column":11},"end":{"line":48,"column":25}},{"start":{"line":48,"column":29},"end":{"line":48,"column":39}},{"start":{"line":48,"column":43},"end":{"line":48,"column":82}},{"start":{"line":49,"column":12},"end":{"line":54,"column":null}}]},"4":{"loc":{"start":{"line":60,"column":23},"end":{"line":60,"column":67}},"type":"cond-expr","locations":[{"start":{"line":60,"column":44},"end":{"line":60,"column":54}},{"start":{"line":60,"column":57},"end":{"line":60,"column":67}}]},"5":{"loc":{"start":{"line":64,"column":23},"end":{"line":64,"column":63}},"type":"cond-expr","locations":[{"start":{"line":64,"column":44},"end":{"line":64,"column":52}},{"start":{"line":64,"column":55},"end":{"line":64,"column":63}}]},"6":{"loc":{"start":{"line":67,"column":37},"end":{"line":67,"column":77}},"type":"cond-expr","locations":[{"start":{"line":67,"column":58},"end":{"line":67,"column":66}},{"start":{"line":67,"column":69},"end":{"line":67,"column":77}}]},"7":{"loc":{"start":{"line":80,"column":38},"end":{"line":80,"column":104}},"type":"cond-expr","locations":[{"start":{"line":80,"column":64},"end":{"line":80,"column":88}},{"start":{"line":80,"column":91},"end":{"line":80,"column":104}}]},"8":{"loc":{"start":{"line":88,"column":38},"end":{"line":88,"column":104}},"type":"cond-expr","locations":[{"start":{"line":88,"column":64},"end":{"line":88,"column":88}},{"start":{"line":88,"column":91},"end":{"line":88,"column":104}}]},"9":{"loc":{"start":{"line":95,"column":31},"end":{"line":95,"column":90}},"type":"cond-expr","locations":[{"start":{"line":95,"column":57},"end":{"line":95,"column":72}},{"start":{"line":95,"column":75},"end":{"line":95,"column":90}}]}},"s":{"0":1,"1":1,"2":1,"3":1,"4":1,"5":1,"6":1,"7":1,"8":1,"9":1,"10":1,"11":1,"12":1,"13":0,"14":0,"15":0,"16":0,"17":0,"18":1,"19":0,"20":0,"21":0,"22":1,"23":3,"24":0,"25":3,"26":0,"27":1,"28":0,"29":0,"30":1},"f":{"0":1,"1":0,"2":0,"3":3,"4":0,"5":3,"6":0,"7":0,"8":0},"b":{"0":[0,0],"1":[0,0],"2":[2,1],"3":[3,3,3,3],"4":[2,1],"5":[2,1],"6":[2,1],"7":[1,0],"8":[0,1],"9":[1,0]}}
,"/workspaces/data-gpt-take-home/frontend/src/dashboard/components/countryselect.tsx": {"path":"/workspaces/data-gpt-take-home/frontend/src/dashboard/components/countryselect.tsx","statementMap":{"0":{"start":{"line":2,"column":0},"end":{"line":2,"column":102}},"1":{"start":{"line":4,"column":0},"end":{"line":4,"column":58}},"2":{"start":{"line":11,"column":5},"end":{"line":31,"column":1}},"3":{"start":{"line":12,"column":20},"end":{"line":12,"column":52}},"4":{"start":{"line":14,"column":2},"end":{"line":30,"column":null}},"5":{"start":{"line":23,"column":12},"end":{"line":23,"column":69}},"6":{"start":{"line":33,"column":0},"end":{"line":33,"column":null}}},"fnMap":{"0":{"name":"(anonymous_0)","decl":{"start":{"line":11,"column":5},"end":{"line":11,"column":6}},"loc":{"start":{"line":11,"column":57},"end":{"line":31,"column":1}}},"1":{"name":"(anonymous_1)","decl":{"start":{"line":22,"column":26},"end":{"line":22,"column":27}},"loc":{"start":{"line":23,"column":12},"end":{"line":23,"column":69}}}},"branchMap":{"0":{"loc":{"start":{"line":20,"column":7},"end":{"line":27,"column":null}},"type":"binary-expr","locations":[{"start":{"line":20,"column":7},"end":{"line":20,"column":26}},{"start":{"line":20,"column":26},"end":{"line":20,"column":37}},{"start":{"line":20,"column":41},"end":{"line":20,"column":81}},{"start":{"line":21,"column":8},"end":{"line":26,"column":null}}]},"1":{"loc":{"start":{"line":20,"column":8},"end":{"line":20,"column":22}},"type":"cond-expr","locations":[{"start":{"line":20,"column":13},"end":{"line":20,"column":15}},{"start":{"line":20,"column":8},"end":{"line":20,"column":22}}]},"2":{"loc":{"start":{"line":20,"column":8},"end":{"line":20,"column":15}},"type":"binary-expr","locations":[{"start":{"line":20,"column":8},"end":{"line":20,"column":15}},{"start":{"line":20,"column":8},"end":{"line":20,"column":15}}]},"3":{"loc":{"start":{"line":20,"column":26},"end":{"line":20,"column":37}},"type":"cond-expr","locations":[{"start":{"line":20,"column":31},"end":{"line":20,"column":33}},{"start":{"line":20,"column":26},"end":{"line":20,"column":37}}]},"4":{"loc":{"start":{"line":20,"column":26},"end":{"line":20,"column":33}},"type":"binary-expr","locations":[{"start":{"line":20,"column":26},"end":{"line":20,"column":33}},{"start":{"line":20,"column":26},"end":{"line":20,"column":33}}]},"5":{"loc":{"start":{"line":20,"column":41},"end":{"line":20,"column":54}},"type":"cond-expr","locations":[{"start":{"line":20,"column":46},"end":{"line":20,"column":48}},{"start":{"line":20,"column":41},"end":{"line":20,"column":54}}]},"6":{"loc":{"start":{"line":20,"column":41},"end":{"line":20,"column":48}},"type":"binary-expr","locations":[{"start":{"line":20,"column":41},"end":{"line":20,"column":48}},{"start":{"line":20,"column":41},"end":{"line":20,"column":48}}]}},"s":{"0":2,"1":2,"2":2,"3":4,"4":4,"5":3,"6":2},"f":{"0":4,"1":3},"b":{"0":[4,4,3,3],"1":[1,3],"2":[4,4],"3":[1,3],"4":[4,4],"5":[0,3],"6":[3,3]}}
,"/workspaces/data-gpt-take-home/frontend/src/dashboard/components/covidcasescharts/index.tsx": {"path":"/workspaces/data-gpt-take-home/frontend/src/dashboard/components/covidcasescharts/index.tsx","statementMap":{"0":{"start":{"line":1,"column":0},"end":{"line":1,"column":41}},"1":{"start":{"line":2,"column":0},"end":{"line":2,"column":31}},"2":{"start":{"line":3,"column":0},"end":{"line":3,"column":51}},"3":{"start":{"line":5,"column":60},"end":{"line":259,"column":1}},"4":{"start":{"line":13,"column":6},"end":{"line":13,"column":40}},"5":{"start":{"line":14,"column":2},"end":{"line":14,"column":null}},"6":{"start":{"line":15,"column":35},"end":{"line":56,"column":64}},"7":{"start":{"line":16,"column":4},"end":{"line":55,"column":null}},"8":{"start":{"line":45,"column":118},"end":{"line":48,"column":20}},"9":{"start":{"line":58,"column":38},"end":{"line":103,"column":110}},"10":{"start":{"line":59,"column":4},"end":{"line":102,"column":null}},"11":{"start":{"line":91,"column":82},"end":{"line":94,"column":null}},"12":{"start":{"line":105,"column":44},"end":{"line":163,"column":120}},"13":{"start":{"line":106,"column":4},"end":{"line":162,"column":null}},"14":{"start":{"line":140,"column":98},"end":{"line":143,"column":null}},"15":{"start":{"line":151,"column":100},"end":{"line":154,"column":null}},"16":{"start":{"line":165,"column":43},"end":{"line":250,"column":4}},"17":{"start":{"line":166,"column":4},"end":{"line":244,"column":null}},"18":{"start":{"line":251,"column":2},"end":{"line":258,"column":null}},"19":{"start":{"line":261,"column":0},"end":{"line":261,"column":null}}},"fnMap":{"0":{"name":"(anonymous_1)","decl":{"start":{"line":5,"column":60},"end":{"line":5,"column":61}},"loc":{"start":{"line":5,"column":80},"end":{"line":259,"column":1}}},"1":{"name":"(anonymous_2)","decl":{"start":{"line":15,"column":43},"end":{"line":15,"column":46}},"loc":{"start":{"line":15,"column":48},"end":{"line":56,"column":3}}},"2":{"name":"(anonymous_3)","decl":{"start":{"line":45,"column":58},"end":{"line":45,"column":59}},"loc":{"start":{"line":45,"column":118},"end":{"line":48,"column":20}}},"3":{"name":"(anonymous_4)","decl":{"start":{"line":58,"column":46},"end":{"line":58,"column":49}},"loc":{"start":{"line":58,"column":51},"end":{"line":103,"column":3}}},"4":{"name":"(anonymous_5)","decl":{"start":{"line":91,"column":20},"end":{"line":91,"column":21}},"loc":{"start":{"line":91,"column":82},"end":{"line":94,"column":null}}},"5":{"name":"(anonymous_6)","decl":{"start":{"line":105,"column":52},"end":{"line":105,"column":55}},"loc":{"start":{"line":105,"column":57},"end":{"line":163,"column":3}}},"6":{"name":"(anonymous_7)","decl":{"start":{"line":140,"column":20},"end":{"line":140,"column":21}},"loc":{"start":{"line":140,"column":98},"end":{"line":143,"column":null}}},"7":{"name":"(anonymous_8)","decl":{"start":{"line":151,"column":20},"end":{"line":151,"column":21}},"loc":{"start":{"line":151,"column":100},"end":{"line":154,"column":null}}},"8":{"name":"(anonymous_9)","decl":{"start":{"line":165,"column":51},"end":{"line":165,"column":54}},"loc":{"start":{"line":165,"column":56},"end":{"line":245,"column":3}}}},"branchMap":{"0":{"loc":{"start":{"line":23,"column":25},"end":{"line":23,"column":99}},"type":"binary-expr","locations":[{"start":{"line":23,"column":25},"end":{"line":23,"column":55}},{"start":{"line":23,"column":59},"end":{"line":23,"column":99}}]},"1":{"loc":{"start":{"line":23,"column":59},"end":{"line":23,"column":93}},"type":"cond-expr","locations":[{"start":{"line":23,"column":85},"end":{"line":23,"column":87}},{"start":{"line":23,"column":85},"end":{"line":23,"column":93}}]},"2":{"loc":{"start":{"line":23,"column":59},"end":{"line":23,"column":87}},"type":"binary-expr","locations":[{"start":{"line":23,"column":59},"end":{"line":23,"column":87}},{"start":{"line":23,"column":85},"end":{"line":23,"column":87}}]},"3":{"loc":{"start":{"line":24,"column":9},"end":{"line":52,"column":null}},"type":"binary-expr","locations":[{"start":{"line":24,"column":9},"end":{"line":24,"column":39}},{"start":{"line":24,"column":43},"end":{"line":24,"column":81}},{"start":{"line":25,"column":10},"end":{"line":51,"column":null}}]},"4":{"loc":{"start":{"line":24,"column":43},"end":{"line":24,"column":77}},"type":"cond-expr","locations":[{"start":{"line":24,"column":69},"end":{"line":24,"column":71}},{"start":{"line":24,"column":69},"end":{"line":24,"column":77}}]},"5":{"loc":{"start":{"line":24,"column":43},"end":{"line":24,"column":71}},"type":"binary-expr","locations":[{"start":{"line":24,"column":43},"end":{"line":24,"column":71}},{"start":{"line":24,"column":69},"end":{"line":24,"column":71}}]},"6":{"loc":{"start":{"line":45,"column":24},"end":{"line":48,"column":20}},"type":"cond-expr","locations":[{"start":{"line":45,"column":52},"end":{"line":45,"column":54}},{"start":{"line":45,"column":52},"end":{"line":48,"column":20}}]},"7":{"loc":{"start":{"line":45,"column":24},"end":{"line":45,"column":54}},"type":"binary-expr","locations":[{"start":{"line":45,"column":24},"end":{"line":45,"column":54}},{"start":{"line":45,"column":52},"end":{"line":45,"column":54}}]},"8":{"loc":{"start":{"line":45,"column":24},"end":{"line":45,"column":52}},"type":"cond-expr","locations":[{"start":{"line":45,"column":46},"end":{"line":45,"column":48}},{"start":{"line":45,"column":46},"end":{"line":45,"column":52}}]},"9":{"loc":{"start":{"line":45,"column":24},"end":{"line":45,"column":48}},"type":"binary-expr","locations":[{"start":{"line":45,"column":24},"end":{"line":45,"column":48}},{"start":{"line":45,"column":46},"end":{"line":45,"column":48}}]},"10":{"loc":{"start":{"line":45,"column":24},"end":{"line":45,"column":46}},"type":"cond-expr","locations":[{"start":{"line":45,"column":39},"end":{"line":45,"column":41}},{"start":{"line":45,"column":24},"end":{"line":45,"column":46}}]},"11":{"loc":{"start":{"line":45,"column":24},"end":{"line":45,"column":41}},"type":"binary-expr","locations":[{"start":{"line":45,"column":24},"end":{"line":45,"column":41}},{"start":{"line":45,"column":24},"end":{"line":45,"column":41}}]},"12":{"loc":{"start":{"line":66,"column":25},"end":{"line":66,"column":109}},"type":"binary-expr","locations":[{"start":{"line":66,"column":25},"end":{"line":66,"column":60}},{"start":{"line":66,"column":64},"end":{"line":66,"column":109}}]},"13":{"loc":{"start":{"line":66,"column":64},"end":{"line":66,"column":103}},"type":"cond-expr","locations":[{"start":{"line":66,"column":95},"end":{"line":66,"column":97}},{"start":{"line":66,"column":95},"end":{"line":66,"column":103}}]},"14":{"loc":{"start":{"line":66,"column":64},"end":{"line":66,"column":97}},"type":"binary-expr","locations":[{"start":{"line":66,"column":64},"end":{"line":66,"column":97}},{"start":{"line":66,"column":95},"end":{"line":66,"column":97}}]},"15":{"loc":{"start":{"line":67,"column":9},"end":{"line":99,"column":null}},"type":"binary-expr","locations":[{"start":{"line":67,"column":9},"end":{"line":67,"column":44}},{"start":{"line":67,"column":48},"end":{"line":67,"column":91}},{"start":{"line":68,"column":10},"end":{"line":98,"column":null}}]},"16":{"loc":{"start":{"line":67,"column":48},"end":{"line":67,"column":87}},"type":"cond-expr","locations":[{"start":{"line":67,"column":79},"end":{"line":67,"column":81}},{"start":{"line":67,"column":79},"end":{"line":67,"column":87}}]},"17":{"loc":{"start":{"line":67,"column":48},"end":{"line":67,"column":81}},"type":"binary-expr","locations":[{"start":{"line":67,"column":48},"end":{"line":67,"column":81}},{"start":{"line":67,"column":79},"end":{"line":67,"column":81}}]},"18":{"loc":{"start":{"line":90,"column":24},"end":{"line":94,"column":null}},"type":"cond-expr","locations":[{"start":{"line":90,"column":57},"end":{"line":90,"column":59}},{"start":{"line":90,"column":57},"end":{"line":94,"column":null}}]},"19":{"loc":{"start":{"line":90,"column":24},"end":{"line":90,"column":59}},"type":"binary-expr","locations":[{"start":{"line":90,"column":24},"end":{"line":90,"column":59}},{"start":{"line":90,"column":57},"end":{"line":90,"column":59}}]},"20":{"loc":{"start":{"line":90,"column":24},"end":{"line":90,"column":57}},"type":"cond-expr","locations":[{"start":{"line":90,"column":51},"end":{"line":90,"column":53}},{"start":{"line":90,"column":51},"end":{"line":90,"column":57}}]},"21":{"loc":{"start":{"line":90,"column":24},"end":{"line":90,"column":53}},"type":"binary-expr","locations":[{"start":{"line":90,"column":24},"end":{"line":90,"column":53}},{"start":{"line":90,"column":51},"end":{"line":90,"column":53}}]},"22":{"loc":{"start":{"line":90,"column":24},"end":{"line":90,"column":51}},"type":"cond-expr","locations":[{"start":{"line":90,"column":44},"end":{"line":90,"column":46}},{"start":{"line":90,"column":24},"end":{"line":90,"column":51}}]},"23":{"loc":{"start":{"line":90,"column":24},"end":{"line":90,"column":46}},"type":"binary-expr","locations":[{"start":{"line":90,"column":24},"end":{"line":90,"column":46}},{"start":{"line":90,"column":24},"end":{"line":90,"column":46}}]},"24":{"loc":{"start":{"line":114,"column":10},"end":{"line":114,"column":104}},"type":"binary-expr","locations":[{"start":{"line":114,"column":10},"end":{"line":114,"column":50}},{"start":{"line":114,"column":54},"end":{"line":114,"column":104}}]},"25":{"loc":{"start":{"line":114,"column":54},"end":{"line":114,"column":98}},"type":"cond-expr","locations":[{"start":{"line":114,"column":90},"end":{"line":114,"column":92}},{"start":{"line":114,"column":90},"end":{"line":114,"column":98}}]},"26":{"loc":{"start":{"line":114,"column":54},"end":{"line":114,"column":92}},"type":"binary-expr","locations":[{"start":{"line":114,"column":54},"end":{"line":114,"column":92}},{"start":{"line":114,"column":90},"end":{"line":114,"column":92}}]},"27":{"loc":{"start":{"line":117,"column":9},"end":{"line":159,"column":null}},"type":"binary-expr","locations":[{"start":{"line":117,"column":9},"end":{"line":117,"column":49}},{"start":{"line":117,"column":53},"end":{"line":117,"column":101}},{"start":{"line":118,"column":10},"end":{"line":158,"column":null}}]},"28":{"loc":{"start":{"line":117,"column":53},"end":{"line":117,"column":97}},"type":"cond-expr","locations":[{"start":{"line":117,"column":89},"end":{"line":117,"column":91}},{"start":{"line":117,"column":89},"end":{"line":117,"column":97}}]},"29":{"loc":{"start":{"line":117,"column":53},"end":{"line":117,"column":91}},"type":"binary-expr","locations":[{"start":{"line":117,"column":53},"end":{"line":117,"column":91}},{"start":{"line":117,"column":89},"end":{"line":117,"column":91}}]},"30":{"loc":{"start":{"line":139,"column":24},"end":{"line":143,"column":null}},"type":"cond-expr","locations":[{"start":{"line":139,"column":62},"end":{"line":139,"column":64}},{"start":{"line":139,"column":62},"end":{"line":143,"column":null}}]},"31":{"loc":{"start":{"line":139,"column":24},"end":{"line":139,"column":64}},"type":"binary-expr","locations":[{"start":{"line":139,"column":24},"end":{"line":139,"column":64}},{"start":{"line":139,"column":62},"end":{"line":139,"column":64}}]},"32":{"loc":{"start":{"line":139,"column":24},"end":{"line":139,"column":62}},"type":"cond-expr","locations":[{"start":{"line":139,"column":56},"end":{"line":139,"column":58}},{"start":{"line":139,"column":56},"end":{"line":139,"column":62}}]},"33":{"loc":{"start":{"line":139,"column":24},"end":{"line":139,"column":58}},"type":"binary-expr","locations":[{"start":{"line":139,"column":24},"end":{"line":139,"column":58}},{"start":{"line":139,"column":56},"end":{"line":139,"column":58}}]},"34":{"loc":{"start":{"line":139,"column":24},"end":{"line":139,"column":56}},"type":"cond-expr","locations":[{"start":{"line":139,"column":49},"end":{"line":139,"column":51}},{"start":{"line":139,"column":24},"end":{"line":139,"column":56}}]},"35":{"loc":{"start":{"line":139,"column":24},"end":{"line":139,"column":51}},"type":"binary-expr","locations":[{"start":{"line":139,"column":24},"end":{"line":139,"column":51}},{"start":{"line":139,"column":24},"end":{"line":139,"column":51}}]},"36":{"loc":{"start":{"line":150,"column":24},"end":{"line":154,"column":null}},"type":"cond-expr","locations":[{"start":{"line":150,"column":62},"end":{"line":150,"column":64}},{"start":{"line":150,"column":62},"end":{"line":154,"column":null}}]},"37":{"loc":{"start":{"line":150,"column":24},"end":{"line":150,"column":64}},"type":"binary-expr","locations":[{"start":{"line":150,"column":24},"end":{"line":150,"column":64}},{"start":{"line":150,"column":62},"end":{"line":150,"column":64}}]},"38":{"loc":{"start":{"line":150,"column":24},"end":{"line":150,"column":62}},"type":"cond-expr","locations":[{"start":{"line":150,"column":56},"end":{"line":150,"column":58}},{"start":{"line":150,"column":56},"end":{"line":150,"column":62}}]},"39":{"loc":{"start":{"line":150,"column":24},"end":{"line":150,"column":58}},"type":"binary-expr","locations":[{"start":{"line":150,"column":24},"end":{"line":150,"column":58}},{"start":{"line":150,"column":56},"end":{"line":150,"column":58}}]},"40":{"loc":{"start":{"line":150,"column":24},"end":{"line":150,"column":56}},"type":"cond-expr","locations":[{"start":{"line":150,"column":49},"end":{"line":150,"column":51}},{"start":{"line":150,"column":24},"end":{"line":150,"column":56}}]},"41":{"loc":{"start":{"line":150,"column":24},"end":{"line":150,"column":51}},"type":"binary-expr","locations":[{"start":{"line":150,"column":24},"end":{"line":150,"column":51}},{"start":{"line":150,"column":24},"end":{"line":150,"column":51}}]},"42":{"loc":{"start":{"line":174,"column":10},"end":{"line":174,"column":106}},"type":"binary-expr","locations":[{"start":{"line":174,"column":10},"end":{"line":174,"column":51}},{"start":{"line":174,"column":55},"end":{"line":174,"column":106}}]},"43":{"loc":{"start":{"line":174,"column":55},"end":{"line":174,"column":100}},"type":"cond-expr","locations":[{"start":{"line":174,"column":92},"end":{"line":174,"column":94}},{"start":{"line":174,"column":92},"end":{"line":174,"column":100}}]},"44":{"loc":{"start":{"line":174,"column":55},"end":{"line":174,"column":94}},"type":"binary-expr","locations":[{"start":{"line":174,"column":55},"end":{"line":174,"column":94}},{"start":{"line":174,"column":92},"end":{"line":174,"column":94}}]},"45":{"loc":{"start":{"line":177,"column":9},"end":{"line":241,"column":null}},"type":"binary-expr","locations":[{"start":{"line":177,"column":9},"end":{"line":177,"column":50}},{"start":{"line":177,"column":54},"end":{"line":177,"column":103}},{"start":{"line":178,"column":10},"end":{"line":240,"column":null}}]},"46":{"loc":{"start":{"line":177,"column":54},"end":{"line":177,"column":99}},"type":"cond-expr","locations":[{"start":{"line":177,"column":91},"end":{"line":177,"column":93}},{"start":{"line":177,"column":91},"end":{"line":177,"column":99}}]},"47":{"loc":{"start":{"line":177,"column":54},"end":{"line":177,"column":93}},"type":"binary-expr","locations":[{"start":{"line":177,"column":54},"end":{"line":177,"column":93}},{"start":{"line":177,"column":91},"end":{"line":177,"column":93}}]},"48":{"loc":{"start":{"line":229,"column":26},"end":{"line":229,"column":95}},"type":"cond-expr","locations":[{"start":{"line":229,"column":63},"end":{"line":229,"column":65}},{"start":{"line":229,"column":63},"end":{"line":229,"column":95}}]},"49":{"loc":{"start":{"line":229,"column":26},"end":{"line":229,"column":65}},"type":"binary-expr","locations":[{"start":{"line":229,"column":26},"end":{"line":229,"column":65}},{"start":{"line":229,"column":63},"end":{"line":229,"column":65}}]},"50":{"loc":{"start":{"line":235,"column":32},"end":{"line":235,"column":101}},"type":"cond-expr","locations":[{"start":{"line":235,"column":69},"end":{"line":235,"column":71}},{"start":{"line":235,"column":69},"end":{"line":235,"column":101}}]},"51":{"loc":{"start":{"line":235,"column":32},"end":{"line":235,"column":71}},"type":"binary-expr","locations":[{"start":{"line":235,"column":32},"end":{"line":235,"column":71}},{"start":{"line":235,"column":69},"end":{"line":235,"column":71}}]}},"s":{"0":2,"1":2,"2":2,"3":2,"4":4,"5":4,"6":4,"7":4,"8":4,"9":4,"10":4,"11":4,"12":4,"13":4,"14":4,"15":4,"16":4,"17":4,"18":4,"19":2},"f":{"0":4,"1":4,"2":4,"3":4,"4":4,"5":4,"6":4,"7":4,"8":4},"b":{"0":[4,4],"1":[0,4],"2":[4,4],"3":[4,4,4],"4":[0,4],"5":[4,4],"6":[0,4],"7":[4,4],"8":[0,4],"9":[4,4],"10":[0,4],"11":[4,4],"12":[4,4],"13":[0,4],"14":[4,4],"15":[4,4,4],"16":[0,4],"17":[4,4],"18":[0,4],"19":[4,4],"20":[0,4],"21":[4,4],"22":[0,4],"23":[4,4],"24":[4,4],"25":[0,4],"26":[4,4],"27":[4,4,4],"28":[0,4],"29":[4,4],"30":[0,4],"31":[4,4],"32":[0,4],"33":[4,4],"34":[0,4],"35":[4,4],"36":[0,4],"37":[4,4],"38":[0,4],"39":[4,4],"40":[0,4],"41":[4,4],"42":[4,4],"43":[0,4],"44":[4,4],"45":[4,4,4],"46":[0,4],"47":[4,4],"48":[0,4],"49":[4,4],"50":[0,4],"51":[4,4]}}
,"/workspaces/data-gpt-take-home/frontend/src/dashboard/components/covidcasescharts/useFetchCovidData.tsx": {"path":"/workspaces/data-gpt-take-home/frontend/src/dashboard/components/covidcasescharts/useFetchCovidData.tsx","statementMap":{"0":{"start":{"line":1,"column":0},"end":{"line":1,"column":51}},"1":{"start":{"line":2,"column":0},"end":{"line":2,"column":69}},"2":{"start":{"line":3,"column":0},"end":{"line":3,"column":61}},"3":{"start":{"line":6,"column":26},"end":{"line":6,"column":104}},"4":{"start":{"line":7,"column":31},"end":{"line":7,"column":102}},"5":{"start":{"line":8,"column":36},"end":{"line":8,"column":108}},"6":{"start":{"line":9,"column":37},"end":{"line":9,"column":120}},"7":{"start":{"line":11,"column":27},"end":{"line":24,"column":null}},"8":{"start":{"line":12,"column":4},"end":{"line":23,"column":null}},"9":{"start":{"line":27,"column":26},"end":{"line":34,"column":null}},"10":{"start":{"line":28,"column":4},"end":{"line":33,"column":null}},"11":{"start":{"line":37,"column":2},"end":{"line":44,"column":null}},"12":{"start":{"line":47,"column":0},"end":{"line":47,"column":null}}},"fnMap":{"0":{"name":"useFetchCovidData","decl":{"start":{"line":5,"column":9},"end":{"line":5,"column":26}},"loc":{"start":{"line":5,"column":67},"end":{"line":45,"column":1}}},"1":{"name":"(anonymous_1)","decl":{"start":{"line":11,"column":27},"end":{"line":11,"column":28}},"loc":{"start":{"line":12,"column":4},"end":{"line":23,"column":null}}},"2":{"name":"(anonymous_2)","decl":{"start":{"line":27,"column":26},"end":{"line":27,"column":27}},"loc":{"start":{"line":28,"column":4},"end":{"line":33,"column":null}}}},"branchMap":{"0":{"loc":{"start":{"line":13,"column":7},"end":{"line":22,"column":null}},"type":"binary-expr","locations":[{"start":{"line":13,"column":7},"end":{"line":13,"column":10}},{"start":{"line":14,"column":8},"end":{"line":21,"column":null}}]},"1":{"loc":{"start":{"line":29,"column":7},"end":{"line":32,"column":null}},"type":"binary-expr","locations":[{"start":{"line":29,"column":7},"end":{"line":29,"column":10}},{"start":{"line":30,"column":8},"end":{"line":30,"column":null}}]}},"s":{"0":3,"1":3,"2":3,"3":5,"4":5,"5":5,"6":5,"7":5,"8":16,"9":5,"10":16,"11":5,"12":3},"f":{"0":5,"1":16,"2":16},"b":{"0":[16,0],"1":[16,0]}}
,"/workspaces/data-gpt-take-home/frontend/src/dashboard/enums/usecase.ts": {"path":"/workspaces/data-gpt-take-home/frontend/src/dashboard/enums/usecase.ts","statementMap":{"0":{"start":{"line":1,"column":0},"end":{"line":1,"column":null}},"1":{"start":{"line":2,"column":2},"end":{"line":2,"column":null}},"2":{"start":{"line":3,"column":2},"end":{"line":3,"column":null}},"3":{"start":{"line":4,"column":2},"end":{"line":4,"column":null}},"4":{"start":{"line":5,"column":2},"end":{"line":5,"column":null}},"5":{"start":{"line":6,"column":2},"end":{"line":6,"column":null}}},"fnMap":{"0":{"name":"(anonymous_0)","decl":{"start":{"line":1,"column":0},"end":{"line":1,"column":12}},"loc":{"start":{"line":1,"column":29},"end":{"line":7,"column":1}}}},"branchMap":{"0":{"loc":{"start":{"line":1,"column":12},"end":{"line":1,"column":null}},"type":"binary-expr","locations":[{"start":{"line":1,"column":12},"end":{"line":1,"column":29}},{"start":{"line":1,"column":29},"end":{"line":1,"column":null}}]}},"s":{"0":3,"1":3,"2":3,"3":3,"4":3,"5":3},"f":{"0":3},"b":{"0":[3,3]}}
,"/workspaces/data-gpt-take-home/frontend/src/lib/utils.ts": {"path":"/workspaces/data-gpt-take-home/frontend/src/lib/utils.ts","statementMap":{"0":{"start":{"line":4,"column":0},"end":{"line":4,"column":16}},"1":{"start":{"line":1,"column":0},"end":{"line":1,"column":44}},"2":{"start":{"line":2,"column":0},"end":{"line":2,"column":40}},"3":{"start":{"line":5,"column":2},"end":{"line":5,"column":null}}},"fnMap":{"0":{"name":"cn","decl":{"start":{"line":4,"column":16},"end":{"line":4,"column":18}},"loc":{"start":{"line":4,"column":42},"end":{"line":6,"column":1}}}},"branchMap":{},"s":{"0":4,"1":4,"2":4,"3":37},"f":{"0":37},"b":{}}
}
