TN:
SF:src/components/ui/chart.tsx
FN:7,(anonymous_6)
FNF:1
FNH:1
FNDA:16,(anonymous_6)
DA:1,2
DA:2,2
DA:3,2
DA:7,2
DA:8,16
DA:9,16
DA:19,2
LF:7
LH:7
BRF:0
BRH:0
end_of_record
TN:
SF:src/components/ui/select.tsx
FN:16,(anonymous_7)
FN:36,(anonymous_8)
FN:53,(anonymous_9)
FN:71,(anonymous_10)
FN:103,(anonymous_11)
FN:115,(anonymous_12)
FN:137,(anonymous_13)
FNF:7
FNH:5
FNDA:7,(anonymous_7)
FNDA:6,(anonymous_8)
FNDA:6,(anonymous_9)
FNDA:6,(anonymous_10)
FNDA:0,(anonymous_11)
FNDA:6,(anonymous_12)
FNDA:0,(anonymous_13)
DA:1,2
DA:2,2
DA:3,2
DA:5,2
DA:7,2
DA:9,2
DA:11,2
DA:13,2
DA:16,7
DA:31,2
DA:33,2
DA:36,6
DA:48,2
DA:50,2
DA:53,6
DA:65,2
DA:68,2
DA:71,6
DA:98,2
DA:100,2
DA:103,0
DA:110,2
DA:112,2
DA:115,6
DA:132,2
DA:134,2
DA:137,0
DA:144,2
DA:147,2
DA:148,2
DA:149,2
DA:150,2
DA:151,2
DA:152,2
DA:153,2
DA:154,2
DA:155,2
DA:156,2
LF:38
LH:36
BRDA:71,0,0,6
BRDA:77,1,0,6
BRDA:77,1,1,6
BRDA:88,2,0,6
BRDA:88,2,1,6
BRF:5
BRH:5
end_of_record
TN:
SF:src/components/ui/skeleton.tsx
FN:3,Skeleton
FNF:1
FNH:0
FNDA:0,Skeleton
DA:1,3
DA:4,0
DA:5,0
DA:7,0
DA:15,3
LF:5
LH:2
BRF:0
BRH:0
end_of_record
TN:
SF:src/dashboard/index.tsx
FN:11,(anonymous_1)
FN:22,(anonymous_2)
FN:32,(anonymous_3)
FN:40,(anonymous_4)
FN:44,(anonymous_5)
FN:53,(anonymous_6)
FN:59,(anonymous_7)
FN:77,(anonymous_8)
FN:86,(anonymous_9)
FNF:9
FNH:3
FNDA:1,(anonymous_1)
FNDA:0,(anonymous_2)
FNDA:0,(anonymous_3)
FNDA:3,(anonymous_4)
FNDA:0,(anonymous_5)
FNDA:3,(anonymous_6)
FNDA:0,(anonymous_7)
FNDA:0,(anonymous_8)
FNDA:0,(anonymous_9)
DA:2,1
DA:3,1
DA:5,1
DA:7,1
DA:8,1
DA:11,1
DA:12,1
DA:13,1
DA:14,1
DA:15,1
DA:16,1
DA:18,1
DA:22,1
DA:23,0
DA:24,0
DA:25,0
DA:27,0
DA:28,0
DA:32,1
DA:33,0
DA:34,0
DA:36,0
DA:40,1
DA:41,3
DA:45,0
DA:53,3
DA:60,0
DA:69,1
DA:77,0
DA:86,0
DA:104,1
LF:31
LH:19
BRDA:23,0,0,0
BRDA:23,0,1,0
BRDA:33,1,0,0
BRDA:33,1,1,0
BRDA:43,2,0,2
BRDA:43,2,1,1
BRDA:51,3,0,3
BRDA:51,3,1,3
BRDA:51,3,2,3
BRDA:51,3,3,3
BRDA:59,4,0,2
BRDA:59,4,1,1
BRDA:62,5,0,2
BRDA:62,5,1,1
BRDA:65,6,0,2
BRDA:65,6,1,1
BRDA:76,7,0,1
BRDA:76,7,1,0
BRDA:85,8,0,0
BRDA:85,8,1,1
BRDA:93,9,0,1
BRDA:93,9,1,0
BRF:22
BRH:15
end_of_record
TN:
SF:src/dashboard/components/countryselect.tsx
FN:7,(anonymous_0)
FN:22,(anonymous_1)
FNF:2
FNH:2
FNDA:4,(anonymous_0)
FNDA:3,(anonymous_1)
DA:2,2
DA:4,2
DA:7,2
DA:8,4
DA:10,4
DA:22,3
DA:29,2
LF:7
LH:7
BRDA:20,0,0,4
BRDA:20,0,1,4
BRDA:20,0,2,3
BRDA:20,0,3,3
BRDA:20,1,0,1
BRDA:20,1,1,3
BRDA:20,2,0,4
BRDA:20,2,1,4
BRDA:20,3,0,1
BRDA:20,3,1,3
BRDA:20,4,0,4
BRDA:20,4,1,4
BRDA:20,5,0,0
BRDA:20,5,1,3
BRDA:20,6,0,3
BRDA:20,6,1,3
BRF:16
BRH:15
end_of_record
TN:
SF:src/dashboard/components/covidcasescharts/index.tsx
FN:5,(anonymous_1)
FN:7,(anonymous_2)
FN:31,(anonymous_3)
FN:45,(anonymous_4)
FN:71,(anonymous_5)
FN:84,(anonymous_6)
FN:109,(anonymous_7)
FN:115,(anonymous_8)
FN:127,(anonymous_9)
FNF:9
FNH:9
FNDA:4,(anonymous_1)
FNDA:4,(anonymous_2)
FNDA:4,(anonymous_3)
FNDA:4,(anonymous_4)
FNDA:4,(anonymous_5)
FNDA:4,(anonymous_6)
FNDA:4,(anonymous_7)
FNDA:4,(anonymous_8)
FNDA:4,(anonymous_9)
DA:1,2
DA:2,2
DA:3,2
DA:5,2
DA:6,4
DA:7,4
DA:8,4
DA:31,4
DA:45,4
DA:46,4
DA:71,4
DA:84,4
DA:85,4
DA:109,4
DA:115,4
DA:127,4
DA:128,4
DA:201,4
DA:209,2
LF:19
LH:19
BRDA:10,0,0,4
BRDA:10,0,1,4
BRDA:10,1,0,0
BRDA:10,1,1,4
BRDA:10,2,0,4
BRDA:10,2,1,4
BRDA:11,3,0,4
BRDA:11,3,1,4
BRDA:11,3,2,4
BRDA:11,4,0,0
BRDA:11,4,1,4
BRDA:11,5,0,4
BRDA:11,5,1,4
BRDA:31,6,0,0
BRDA:31,6,1,4
BRDA:31,7,0,4
BRDA:31,7,1,4
BRDA:31,8,0,0
BRDA:31,8,1,4
BRDA:31,9,0,4
BRDA:31,9,1,4
BRDA:31,10,0,0
BRDA:31,10,1,4
BRDA:31,11,0,4
BRDA:31,11,1,4
BRDA:48,12,0,4
BRDA:48,12,1,4
BRDA:48,13,0,0
BRDA:48,13,1,4
BRDA:48,14,0,4
BRDA:48,14,1,4
BRDA:49,15,0,4
BRDA:49,15,1,4
BRDA:49,15,2,4
BRDA:49,16,0,0
BRDA:49,16,1,4
BRDA:49,17,0,4
BRDA:49,17,1,4
BRDA:71,18,0,0
BRDA:71,18,1,4
BRDA:71,19,0,4
BRDA:71,19,1,4
BRDA:71,20,0,0
BRDA:71,20,1,4
BRDA:71,21,0,4
BRDA:71,21,1,4
BRDA:71,22,0,0
BRDA:71,22,1,4
BRDA:71,23,0,4
BRDA:71,23,1,4
BRDA:87,24,0,4
BRDA:87,24,1,4
BRDA:87,25,0,0
BRDA:87,25,1,4
BRDA:87,26,0,4
BRDA:87,26,1,4
BRDA:88,27,0,4
BRDA:88,27,1,4
BRDA:88,27,2,4
BRDA:88,28,0,0
BRDA:88,28,1,4
BRDA:88,29,0,4
BRDA:88,29,1,4
BRDA:109,30,0,0
BRDA:109,30,1,4
BRDA:109,31,0,4
BRDA:109,31,1,4
BRDA:109,32,0,0
BRDA:109,32,1,4
BRDA:109,33,0,4
BRDA:109,33,1,4
BRDA:109,34,0,0
BRDA:109,34,1,4
BRDA:109,35,0,4
BRDA:109,35,1,4
BRDA:115,36,0,0
BRDA:115,36,1,4
BRDA:115,37,0,4
BRDA:115,37,1,4
BRDA:115,38,0,0
BRDA:115,38,1,4
BRDA:115,39,0,4
BRDA:115,39,1,4
BRDA:115,40,0,0
BRDA:115,40,1,4
BRDA:115,41,0,4
BRDA:115,41,1,4
BRDA:130,42,0,4
BRDA:130,42,1,4
BRDA:130,43,0,0
BRDA:130,43,1,4
BRDA:130,44,0,4
BRDA:130,44,1,4
BRDA:131,45,0,4
BRDA:131,45,1,4
BRDA:131,45,2,4
BRDA:131,46,0,0
BRDA:131,46,1,4
BRDA:131,47,0,4
BRDA:131,47,1,4
BRDA:182,48,0,0
BRDA:182,48,1,4
BRDA:182,49,0,4
BRDA:182,49,1,4
BRDA:187,50,0,0
BRDA:187,50,1,4
BRDA:187,51,0,4
BRDA:187,51,1,4
BRF:108
BRH:86
end_of_record
TN:
SF:src/dashboard/components/covidcasescharts/useFetchCovidData.tsx
FN:5,useFetchCovidData
FN:12,(anonymous_1)
FN:15,(anonymous_2)
FNF:3
FNH:3
FNDA:5,useFetchCovidData
FNDA:16,(anonymous_1)
FNDA:16,(anonymous_2)
DA:1,3
DA:2,3
DA:3,3
DA:7,5
DA:8,5
DA:9,5
DA:10,5
DA:12,16
DA:15,16
DA:18,5
DA:28,3
LF:11
LH:11
BRDA:12,0,0,16
BRDA:12,0,1,0
BRDA:15,1,0,16
BRDA:15,1,1,0
BRF:4
BRH:2
end_of_record
TN:
SF:src/dashboard/enums/usecase.ts
FN:1,(anonymous_0)
FNF:1
FNH:1
FNDA:3,(anonymous_0)
DA:1,3
DA:2,3
DA:3,3
DA:4,3
DA:5,3
DA:6,3
LF:6
LH:6
BRDA:1,0,0,3
BRDA:1,0,1,3
BRF:2
BRH:2
end_of_record
TN:
SF:src/lib/utils.ts
FN:4,cn
FNF:1
FNH:1
FNDA:37,cn
DA:1,4
DA:2,4
DA:4,4
DA:5,37
LF:4
LH:4
BRF:0
BRH:0
end_of_record
