TN:
SF:src/components/ui/chart.tsx
FN:5,(anonymous_6)
FNF:1
FNH:1
FNDA:16,(anonymous_6)
DA:1,2
DA:2,2
DA:3,2
DA:5,2
DA:6,16
DA:7,16
DA:10,2
LF:7
LH:7
BRF:0
BRH:0
end_of_record
TN:
SF:src/components/ui/select.tsx
FN:16,(anonymous_7)
FN:36,(anonymous_8)
FN:50,(anonymous_9)
FN:64,(anonymous_10)
FN:96,(anonymous_11)
FN:104,(anonymous_12)
FN:126,(anonymous_13)
FNF:7
FNH:5
FNDA:7,(anonymous_7)
FNDA:6,(anonymous_8)
FNDA:6,(anonymous_9)
FNDA:6,(anonymous_10)
FNDA:0,(anonymous_11)
FNDA:6,(anonymous_12)
FNDA:0,(anonymous_13)
DA:1,2
DA:2,2
DA:3,2
DA:5,2
DA:7,2
DA:9,2
DA:11,2
DA:13,2
DA:16,7
DA:31,2
DA:33,2
DA:36,6
DA:45,2
DA:47,2
DA:50,6
DA:59,2
DA:61,2
DA:64,6
DA:91,2
DA:93,2
DA:96,0
DA:99,2
DA:101,2
DA:104,6
DA:121,2
DA:123,2
DA:126,0
DA:129,2
DA:132,2
DA:133,2
DA:134,2
DA:135,2
DA:136,2
DA:137,2
DA:138,2
DA:139,2
DA:140,2
DA:141,2
LF:38
LH:36
BRDA:64,0,0,6
BRDA:70,1,0,6
BRDA:70,1,1,6
BRDA:81,2,0,6
BRDA:81,2,1,6
BRF:5
BRH:5
end_of_record
TN:
SF:src/components/ui/skeleton.tsx
FN:3,Skeleton
FNF:1
FNH:0
FNDA:0,Skeleton
DA:1,3
DA:3,0
DA:4,0
DA:7,3
LF:4
LH:2
BRF:0
BRH:0
end_of_record
TN:
SF:src/dashboard/index.tsx
FN:9,(anonymous_1)
FN:18,(anonymous_2)
FN:28,(anonymous_3)
FN:36,(anonymous_4)
FN:40,(anonymous_5)
FN:50,(anonymous_6)
FN:61,(anonymous_7)
FN:81,(anonymous_8)
FN:89,(anonymous_9)
FNF:9
FNH:3
FNDA:1,(anonymous_1)
FNDA:0,(anonymous_2)
FNDA:0,(anonymous_3)
FNDA:3,(anonymous_4)
FNDA:0,(anonymous_5)
FNDA:3,(anonymous_6)
FNDA:0,(anonymous_7)
FNDA:0,(anonymous_8)
FNDA:0,(anonymous_9)
DA:1,1
DA:2,1
DA:4,1
DA:6,1
DA:7,1
DA:9,1
DA:10,1
DA:11,1
DA:12,1
DA:13,1
DA:14,1
DA:16,1
DA:18,1
DA:19,0
DA:20,0
DA:21,0
DA:23,0
DA:24,0
DA:28,1
DA:29,0
DA:30,0
DA:32,0
DA:36,1
DA:37,3
DA:41,0
DA:51,3
DA:62,0
DA:71,1
DA:81,0
DA:89,0
DA:105,1
LF:31
LH:19
BRDA:19,0,0,0
BRDA:19,0,1,0
BRDA:29,1,0,0
BRDA:29,1,1,0
BRDA:39,2,0,2
BRDA:39,2,1,1
BRDA:48,3,0,3
BRDA:48,3,1,3
BRDA:48,3,2,3
BRDA:48,3,3,3
BRDA:60,4,0,2
BRDA:60,4,1,1
BRDA:64,5,0,2
BRDA:64,5,1,1
BRDA:67,6,0,2
BRDA:67,6,1,1
BRDA:80,7,0,1
BRDA:80,7,1,0
BRDA:88,8,0,0
BRDA:88,8,1,1
BRDA:95,9,0,1
BRDA:95,9,1,0
BRF:22
BRH:15
end_of_record
TN:
SF:src/dashboard/components/countryselect.tsx
FN:11,(anonymous_0)
FN:22,(anonymous_1)
FNF:2
FNH:2
FNDA:4,(anonymous_0)
FNDA:3,(anonymous_1)
DA:2,2
DA:4,2
DA:11,2
DA:12,4
DA:14,4
DA:23,3
DA:33,2
LF:7
LH:7
BRDA:20,0,0,4
BRDA:20,0,1,4
BRDA:20,0,2,3
BRDA:20,0,3,3
BRDA:20,1,0,1
BRDA:20,1,1,3
BRDA:20,2,0,4
BRDA:20,2,1,4
BRDA:20,3,0,1
BRDA:20,3,1,3
BRDA:20,4,0,4
BRDA:20,4,1,4
BRDA:20,5,0,0
BRDA:20,5,1,3
BRDA:20,6,0,3
BRDA:20,6,1,3
BRF:16
BRH:15
end_of_record
TN:
SF:src/dashboard/components/covidcasescharts/index.tsx
FN:5,(anonymous_1)
FN:15,(anonymous_2)
FN:45,(anonymous_3)
FN:58,(anonymous_4)
FN:91,(anonymous_5)
FN:105,(anonymous_6)
FN:140,(anonymous_7)
FN:151,(anonymous_8)
FN:165,(anonymous_9)
FNF:9
FNH:9
FNDA:4,(anonymous_1)
FNDA:4,(anonymous_2)
FNDA:4,(anonymous_3)
FNDA:4,(anonymous_4)
FNDA:4,(anonymous_5)
FNDA:4,(anonymous_6)
FNDA:4,(anonymous_7)
FNDA:4,(anonymous_8)
FNDA:4,(anonymous_9)
DA:1,2
DA:2,2
DA:3,2
DA:5,2
DA:13,4
DA:14,4
DA:15,4
DA:16,4
DA:45,4
DA:58,4
DA:59,4
DA:91,4
DA:105,4
DA:106,4
DA:140,4
DA:151,4
DA:165,4
DA:166,4
DA:251,4
DA:261,2
LF:20
LH:20
BRDA:23,0,0,4
BRDA:23,0,1,4
BRDA:23,1,0,0
BRDA:23,1,1,4
BRDA:23,2,0,4
BRDA:23,2,1,4
BRDA:24,3,0,4
BRDA:24,3,1,4
BRDA:24,3,2,4
BRDA:24,4,0,0
BRDA:24,4,1,4
BRDA:24,5,0,4
BRDA:24,5,1,4
BRDA:45,6,0,0
BRDA:45,6,1,4
BRDA:45,7,0,4
BRDA:45,7,1,4
BRDA:45,8,0,0
BRDA:45,8,1,4
BRDA:45,9,0,4
BRDA:45,9,1,4
BRDA:45,10,0,0
BRDA:45,10,1,4
BRDA:45,11,0,4
BRDA:45,11,1,4
BRDA:66,12,0,4
BRDA:66,12,1,4
BRDA:66,13,0,0
BRDA:66,13,1,4
BRDA:66,14,0,4
BRDA:66,14,1,4
BRDA:67,15,0,4
BRDA:67,15,1,4
BRDA:67,15,2,4
BRDA:67,16,0,0
BRDA:67,16,1,4
BRDA:67,17,0,4
BRDA:67,17,1,4
BRDA:90,18,0,0
BRDA:90,18,1,4
BRDA:90,19,0,4
BRDA:90,19,1,4
BRDA:90,20,0,0
BRDA:90,20,1,4
BRDA:90,21,0,4
BRDA:90,21,1,4
BRDA:90,22,0,0
BRDA:90,22,1,4
BRDA:90,23,0,4
BRDA:90,23,1,4
BRDA:114,24,0,4
BRDA:114,24,1,4
BRDA:114,25,0,0
BRDA:114,25,1,4
BRDA:114,26,0,4
BRDA:114,26,1,4
BRDA:117,27,0,4
BRDA:117,27,1,4
BRDA:117,27,2,4
BRDA:117,28,0,0
BRDA:117,28,1,4
BRDA:117,29,0,4
BRDA:117,29,1,4
BRDA:139,30,0,0
BRDA:139,30,1,4
BRDA:139,31,0,4
BRDA:139,31,1,4
BRDA:139,32,0,0
BRDA:139,32,1,4
BRDA:139,33,0,4
BRDA:139,33,1,4
BRDA:139,34,0,0
BRDA:139,34,1,4
BRDA:139,35,0,4
BRDA:139,35,1,4
BRDA:150,36,0,0
BRDA:150,36,1,4
BRDA:150,37,0,4
BRDA:150,37,1,4
BRDA:150,38,0,0
BRDA:150,38,1,4
BRDA:150,39,0,4
BRDA:150,39,1,4
BRDA:150,40,0,0
BRDA:150,40,1,4
BRDA:150,41,0,4
BRDA:150,41,1,4
BRDA:174,42,0,4
BRDA:174,42,1,4
BRDA:174,43,0,0
BRDA:174,43,1,4
BRDA:174,44,0,4
BRDA:174,44,1,4
BRDA:177,45,0,4
BRDA:177,45,1,4
BRDA:177,45,2,4
BRDA:177,46,0,0
BRDA:177,46,1,4
BRDA:177,47,0,4
BRDA:177,47,1,4
BRDA:229,48,0,0
BRDA:229,48,1,4
BRDA:229,49,0,4
BRDA:229,49,1,4
BRDA:235,50,0,0
BRDA:235,50,1,4
BRDA:235,51,0,4
BRDA:235,51,1,4
BRF:108
BRH:86
end_of_record
TN:
SF:src/dashboard/components/covidcasescharts/useFetchCovidData.tsx
FN:5,useFetchCovidData
FN:11,(anonymous_1)
FN:27,(anonymous_2)
FNF:3
FNH:3
FNDA:5,useFetchCovidData
FNDA:16,(anonymous_1)
FNDA:16,(anonymous_2)
DA:1,3
DA:2,3
DA:3,3
DA:6,5
DA:7,5
DA:8,5
DA:9,5
DA:11,5
DA:12,16
DA:27,5
DA:28,16
DA:37,5
DA:47,3
LF:13
LH:13
BRDA:13,0,0,16
BRDA:13,0,1,0
BRDA:29,1,0,16
BRDA:29,1,1,0
BRF:4
BRH:2
end_of_record
TN:
SF:src/dashboard/enums/usecase.ts
FN:1,(anonymous_0)
FNF:1
FNH:1
FNDA:3,(anonymous_0)
DA:1,3
DA:2,3
DA:3,3
DA:4,3
DA:5,3
DA:6,3
LF:6
LH:6
BRDA:1,0,0,3
BRDA:1,0,1,3
BRF:2
BRH:2
end_of_record
TN:
SF:src/lib/utils.ts
FN:4,cn
FNF:1
FNH:1
FNDA:37,cn
DA:1,4
DA:2,4
DA:4,4
DA:5,37
LF:4
LH:4
BRF:0
BRH:0
end_of_record
