{"/workspaces/data-gpt-take-home/backend/domain/base.ts": {"path":"/workspaces/data-gpt-take-home/backend/domain/base.ts","statementMap":{"0":{"start":{"line":2,"column":0},"end":{"line":2,"column":35}},"1":{"start":{"line":4,"column":0},"end":{"line":4,"column":null}},"2":{"start":{"line":4,"column":38},"end":{"line":4,"column":43}},"3":{"start":{"line":6,"column":8},"end":{"line":6,"column":23}},"4":{"start":{"line":5,"column":23},"end":{"line":5,"column":38}},"5":{"start":{"line":7,"column":8},"end":{"line":7,"column":41}},"6":{"start":{"line":8,"column":8},"end":{"line":8,"column":46}},"7":{"start":{"line":10,"column":0},"end":{"line":10,"column":null}},"8":{"start":{"line":4,"column":13},"end":{"line":4,"column":29}},"9":{"start":{"line":12,"column":0},"end":{"line":12,"column":null}},"10":{"start":{"line":16,"column":8},"end":{"line":16,"column":null}},"11":{"start":{"line":17,"column":8},"end":{"line":17,"column":null}},"12":{"start":{"line":20,"column":14},"end":{"line":22,"column":null}},"13":{"start":{"line":21,"column":8},"end":{"line":21,"column":null}},"14":{"start":{"line":24,"column":11},"end":{"line":32,"column":null}},"15":{"start":{"line":25,"column":31},"end":{"line":29,"column":33}},"16":{"start":{"line":31,"column":8},"end":{"line":31,"column":30}},"17":{"start":{"line":34,"column":17},"end":{"line":56,"column":null}},"18":{"start":{"line":35,"column":14},"end":{"line":35,"column":null}},"19":{"start":{"line":36,"column":8},"end":{"line":36,"column":null}},"20":{"start":{"line":38,"column":27},"end":{"line":38,"column":null}},"21":{"start":{"line":38,"column":18},"end":{"line":38,"column":null}},"22":{"start":{"line":39,"column":18},"end":{"line":45,"column":null}},"23":{"start":{"line":40,"column":58},"end":{"line":40,"column":60}},"24":{"start":{"line":41,"column":16},"end":{"line":43,"column":17}},"25":{"start":{"line":42,"column":20},"end":{"line":42,"column":46}},"26":{"start":{"line":44,"column":16},"end":{"line":44,"column":33}},"27":{"start":{"line":46,"column":12},"end":{"line":46,"column":null}},"28":{"start":{"line":48,"column":18},"end":{"line":50,"column":null}},"29":{"start":{"line":52,"column":12},"end":{"line":52,"column":null}},"30":{"start":{"line":53,"column":12},"end":{"line":53,"column":null}},"31":{"start":{"line":57,"column":0},"end":{"line":57,"column":null}}},"fnMap":{"0":{"name":"(anonymous_19)","decl":{"start":{"line":4,"column":0},"end":{"line":4,"column":13}},"loc":{"start":{"line":4,"column":0},"end":{"line":10,"column":null}}},"1":{"name":"DomainLevelError","decl":{"start":{"line":5,"column":4},"end":{"line":5,"column":23}},"loc":{"start":{"line":5,"column":38},"end":{"line":9,"column":5}}},"2":{"name":"(anonymous_21)","decl":{"start":{"line":12,"column":0},"end":{"line":12,"column":null}},"loc":{"start":{"line":12,"column":0},"end":{"line":57,"column":null}}},"3":{"name":"BaseDomain","decl":{"start":{"line":15,"column":4},"end":{"line":15,"column":16}},"loc":{"start":{"line":15,"column":53},"end":{"line":18,"column":5}}},"4":{"name":"(anonymous_23)","decl":{"start":{"line":20,"column":4},"end":{"line":20,"column":14}},"loc":{"start":{"line":20,"column":4},"end":{"line":22,"column":5}}},"5":{"name":"(anonymous_24)","decl":{"start":{"line":24,"column":4},"end":{"line":24,"column":11}},"loc":{"start":{"line":24,"column":35},"end":{"line":32,"column":5}}},"6":{"name":"(anonymous_25)","decl":{"start":{"line":34,"column":4},"end":{"line":34,"column":17}},"loc":{"start":{"line":34,"column":46},"end":{"line":56,"column":null}}},"7":{"name":"(anonymous_28)","decl":{"start":{"line":39,"column":50},"end":{"line":39,"column":53}},"loc":{"start":{"line":39,"column":53},"end":{"line":45,"column":13}}}},"branchMap":{"0":{"loc":{"start":{"line":6,"column":8},"end":{"line":6,"column":23}},"type":"binary-expr","locations":[{"start":{"line":6,"column":8},"end":{"line":6,"column":22}},{"start":{"line":6,"column":22},"end":{"line":6,"column":23}}]},"1":{"loc":{"start":{"line":38,"column":33},"end":{"line":38,"column":58}},"type":"cond-expr","locations":[{"start":{"line":38,"column":46},"end":{"line":38,"column":48}},{"start":{"line":38,"column":46},"end":{"line":38,"column":58}}]},"2":{"loc":{"start":{"line":38,"column":33},"end":{"line":38,"column":48}},"type":"binary-expr","locations":[{"start":{"line":38,"column":33},"end":{"line":38,"column":48}},{"start":{"line":38,"column":46},"end":{"line":38,"column":48}}]},"3":{"loc":{"start":{"line":39,"column":33},"end":{"line":45,"column":14}},"type":"cond-expr","locations":[{"start":{"line":39,"column":39},"end":{"line":39,"column":41}},{"start":{"line":39,"column":33},"end":{"line":45,"column":14}}]},"4":{"loc":{"start":{"line":39,"column":33},"end":{"line":39,"column":41}},"type":"binary-expr","locations":[{"start":{"line":39,"column":33},"end":{"line":39,"column":41}},{"start":{"line":39,"column":33},"end":{"line":39,"column":41}}]},"5":{"loc":{"start":{"line":46,"column":19},"end":{"line":46,"column":37}},"type":"binary-expr","locations":[{"start":{"line":46,"column":19},"end":{"line":46,"column":31}},{"start":{"line":46,"column":35},"end":{"line":46,"column":37}}]},"6":{"loc":{"start":{"line":50,"column":21},"end":{"line":50,"column":29}},"type":"cond-expr","locations":[{"start":{"line":50,"column":22},"end":{"line":50,"column":24}},{"start":{"line":50,"column":21},"end":{"line":50,"column":29}}]},"7":{"loc":{"start":{"line":50,"column":21},"end":{"line":50,"column":24}},"type":"binary-expr","locations":[{"start":{"line":50,"column":21},"end":{"line":50,"column":24}},{"start":{"line":50,"column":21},"end":{"line":50,"column":24}}]}},"s":{"0":2,"1":2,"2":2,"3":0,"4":0,"5":0,"6":0,"7":2,"8":2,"9":2,"10":7,"11":7,"12":2,"13":0,"14":2,"15":5,"16":5,"17":2,"18":0,"19":0,"20":0,"21":0,"22":0,"23":0,"24":0,"25":0,"26":0,"27":0,"28":0,"29":0,"30":0,"31":2},"f":{"0":2,"1":0,"2":2,"3":7,"4":0,"5":5,"6":0,"7":0},"b":{"0":[0,0],"1":[0,0],"2":[0,0],"3":[0,0],"4":[0,0],"5":[0,0],"6":[0,0],"7":[0,0]}}
,"/workspaces/data-gpt-take-home/backend/domain/countrydata.ts": {"path":"/workspaces/data-gpt-take-home/backend/domain/countrydata.ts","statementMap":{"0":{"start":{"line":2,"column":0},"end":{"line":2,"column":31}},"1":{"start":{"line":4,"column":0},"end":{"line":4,"column":null}},"2":{"start":{"line":4,"column":47},"end":{"line":4,"column":57}},"3":{"start":{"line":6,"column":8},"end":{"line":6,"column":null}},"4":{"start":{"line":10,"column":17},"end":{"line":15,"column":null}},"5":{"start":{"line":11,"column":14},"end":{"line":11,"column":null}},"6":{"start":{"line":12,"column":14},"end":{"line":12,"column":null}},"7":{"start":{"line":13,"column":23},"end":{"line":13,"column":null}},"8":{"start":{"line":13,"column":14},"end":{"line":13,"column":null}},"9":{"start":{"line":14,"column":8},"end":{"line":14,"column":null}},"10":{"start":{"line":18,"column":17},"end":{"line":23,"column":null}},"11":{"start":{"line":19,"column":14},"end":{"line":19,"column":null}},"12":{"start":{"line":20,"column":14},"end":{"line":20,"column":null}},"13":{"start":{"line":21,"column":23},"end":{"line":21,"column":null}},"14":{"start":{"line":21,"column":14},"end":{"line":21,"column":null}},"15":{"start":{"line":22,"column":8},"end":{"line":22,"column":null}},"16":{"start":{"line":25,"column":17},"end":{"line":30,"column":null}},"17":{"start":{"line":26,"column":14},"end":{"line":26,"column":null}},"18":{"start":{"line":27,"column":14},"end":{"line":27,"column":null}},"19":{"start":{"line":28,"column":23},"end":{"line":28,"column":null}},"20":{"start":{"line":28,"column":14},"end":{"line":28,"column":null}},"21":{"start":{"line":29,"column":8},"end":{"line":29,"column":null}},"22":{"start":{"line":32,"column":17},"end":{"line":37,"column":null}},"23":{"start":{"line":33,"column":14},"end":{"line":33,"column":null}},"24":{"start":{"line":34,"column":14},"end":{"line":34,"column":null}},"25":{"start":{"line":35,"column":23},"end":{"line":35,"column":null}},"26":{"start":{"line":35,"column":14},"end":{"line":35,"column":null}},"27":{"start":{"line":36,"column":8},"end":{"line":36,"column":null}},"28":{"start":{"line":39,"column":17},"end":{"line":44,"column":null}},"29":{"start":{"line":40,"column":14},"end":{"line":40,"column":null}},"30":{"start":{"line":41,"column":14},"end":{"line":41,"column":null}},"31":{"start":{"line":42,"column":23},"end":{"line":42,"column":null}},"32":{"start":{"line":42,"column":14},"end":{"line":42,"column":null}},"33":{"start":{"line":43,"column":8},"end":{"line":43,"column":null}},"34":{"start":{"line":49,"column":0},"end":{"line":49,"column":null}}},"fnMap":{"0":{"name":"(anonymous_20)","decl":{"start":{"line":4,"column":0},"end":{"line":4,"column":47}},"loc":{"start":{"line":4,"column":0},"end":{"line":49,"column":null}}},"1":{"name":"CountryDataDomain","decl":{"start":{"line":5,"column":4},"end":{"line":5,"column":16}},"loc":{"start":{"line":5,"column":53},"end":{"line":7,"column":5}}},"2":{"name":"(anonymous_22)","decl":{"start":{"line":10,"column":4},"end":{"line":10,"column":17}},"loc":{"start":{"line":10,"column":65},"end":{"line":15,"column":null}}},"3":{"name":"(anonymous_25)","decl":{"start":{"line":18,"column":4},"end":{"line":18,"column":17}},"loc":{"start":{"line":18,"column":68},"end":{"line":23,"column":null}}},"4":{"name":"(anonymous_28)","decl":{"start":{"line":25,"column":4},"end":{"line":25,"column":17}},"loc":{"start":{"line":25,"column":59},"end":{"line":30,"column":null}}},"5":{"name":"(anonymous_31)","decl":{"start":{"line":32,"column":4},"end":{"line":32,"column":17}},"loc":{"start":{"line":32,"column":66},"end":{"line":37,"column":null}}},"6":{"name":"(anonymous_34)","decl":{"start":{"line":39,"column":4},"end":{"line":39,"column":17}},"loc":{"start":{"line":39,"column":76},"end":{"line":44,"column":null}}}},"branchMap":{"0":{"loc":{"start":{"line":6,"column":8},"end":{"line":6,"column":null}},"type":"binary-expr","locations":[{"start":{"line":6,"column":8},"end":{"line":6,"column":26}},{"start":{"line":6,"column":26},"end":{"line":6,"column":null}}]},"1":{"loc":{"start":{"line":11,"column":54},"end":{"line":11,"column":79}},"type":"binary-expr","locations":[{"start":{"line":11,"column":54},"end":{"line":11,"column":73}},{"start":{"line":11,"column":77},"end":{"line":11,"column":79}}]},"2":{"loc":{"start":{"line":11,"column":54},"end":{"line":11,"column":73}},"type":"cond-expr","locations":[{"start":{"line":11,"column":65},"end":{"line":11,"column":67}},{"start":{"line":11,"column":54},"end":{"line":11,"column":73}}]},"3":{"loc":{"start":{"line":11,"column":54},"end":{"line":11,"column":67}},"type":"binary-expr","locations":[{"start":{"line":11,"column":54},"end":{"line":11,"column":67}},{"start":{"line":11,"column":54},"end":{"line":11,"column":67}}]},"4":{"loc":{"start":{"line":19,"column":54},"end":{"line":19,"column":79}},"type":"binary-expr","locations":[{"start":{"line":19,"column":54},"end":{"line":19,"column":73}},{"start":{"line":19,"column":77},"end":{"line":19,"column":79}}]},"5":{"loc":{"start":{"line":19,"column":54},"end":{"line":19,"column":73}},"type":"cond-expr","locations":[{"start":{"line":19,"column":65},"end":{"line":19,"column":67}},{"start":{"line":19,"column":54},"end":{"line":19,"column":73}}]},"6":{"loc":{"start":{"line":19,"column":54},"end":{"line":19,"column":67}},"type":"binary-expr","locations":[{"start":{"line":19,"column":54},"end":{"line":19,"column":67}},{"start":{"line":19,"column":54},"end":{"line":19,"column":67}}]},"7":{"loc":{"start":{"line":26,"column":54},"end":{"line":26,"column":79}},"type":"binary-expr","locations":[{"start":{"line":26,"column":54},"end":{"line":26,"column":73}},{"start":{"line":26,"column":77},"end":{"line":26,"column":79}}]},"8":{"loc":{"start":{"line":26,"column":54},"end":{"line":26,"column":73}},"type":"cond-expr","locations":[{"start":{"line":26,"column":65},"end":{"line":26,"column":67}},{"start":{"line":26,"column":54},"end":{"line":26,"column":73}}]},"9":{"loc":{"start":{"line":26,"column":54},"end":{"line":26,"column":67}},"type":"binary-expr","locations":[{"start":{"line":26,"column":54},"end":{"line":26,"column":67}},{"start":{"line":26,"column":54},"end":{"line":26,"column":67}}]},"10":{"loc":{"start":{"line":33,"column":54},"end":{"line":33,"column":79}},"type":"binary-expr","locations":[{"start":{"line":33,"column":54},"end":{"line":33,"column":73}},{"start":{"line":33,"column":77},"end":{"line":33,"column":79}}]},"11":{"loc":{"start":{"line":33,"column":54},"end":{"line":33,"column":73}},"type":"cond-expr","locations":[{"start":{"line":33,"column":65},"end":{"line":33,"column":67}},{"start":{"line":33,"column":54},"end":{"line":33,"column":73}}]},"12":{"loc":{"start":{"line":33,"column":54},"end":{"line":33,"column":67}},"type":"binary-expr","locations":[{"start":{"line":33,"column":54},"end":{"line":33,"column":67}},{"start":{"line":33,"column":54},"end":{"line":33,"column":67}}]},"13":{"loc":{"start":{"line":40,"column":54},"end":{"line":40,"column":79}},"type":"binary-expr","locations":[{"start":{"line":40,"column":54},"end":{"line":40,"column":73}},{"start":{"line":40,"column":77},"end":{"line":40,"column":79}}]},"14":{"loc":{"start":{"line":40,"column":54},"end":{"line":40,"column":73}},"type":"cond-expr","locations":[{"start":{"line":40,"column":65},"end":{"line":40,"column":67}},{"start":{"line":40,"column":54},"end":{"line":40,"column":73}}]},"15":{"loc":{"start":{"line":40,"column":54},"end":{"line":40,"column":67}},"type":"binary-expr","locations":[{"start":{"line":40,"column":54},"end":{"line":40,"column":67}},{"start":{"line":40,"column":54},"end":{"line":40,"column":67}}]}},"s":{"0":1,"1":1,"2":1,"3":5,"4":1,"5":1,"6":1,"7":1,"8":1,"9":1,"10":1,"11":1,"12":1,"13":1,"14":1,"15":1,"16":1,"17":1,"18":1,"19":1,"20":1,"21":1,"22":1,"23":1,"24":1,"25":1,"26":1,"27":1,"28":1,"29":1,"30":1,"31":1,"32":1,"33":1,"34":1},"f":{"0":1,"1":5,"2":1,"3":1,"4":1,"5":1,"6":1},"b":{"0":[5,5],"1":[1,0],"2":[0,1],"3":[1,1],"4":[1,0],"5":[0,1],"6":[1,1],"7":[1,0],"8":[0,1],"9":[1,1],"10":[1,0],"11":[0,1],"12":[1,1],"13":[1,0],"14":[0,1],"15":[1,1]}}
,"/workspaces/data-gpt-take-home/backend/domain/option.ts": {"path":"/workspaces/data-gpt-take-home/backend/domain/option.ts","statementMap":{"0":{"start":{"line":2,"column":0},"end":{"line":2,"column":31}},"1":{"start":{"line":4,"column":0},"end":{"line":4,"column":null}},"2":{"start":{"line":4,"column":37},"end":{"line":4,"column":47}},"3":{"start":{"line":6,"column":8},"end":{"line":6,"column":null}},"4":{"start":{"line":10,"column":17},"end":{"line":14,"column":null}},"5":{"start":{"line":11,"column":14},"end":{"line":11,"column":null}},"6":{"start":{"line":12,"column":23},"end":{"line":12,"column":null}},"7":{"start":{"line":12,"column":14},"end":{"line":12,"column":null}},"8":{"start":{"line":13,"column":8},"end":{"line":13,"column":null}},"9":{"start":{"line":17,"column":17},"end":{"line":22,"column":null}},"10":{"start":{"line":18,"column":14},"end":{"line":18,"column":null}},"11":{"start":{"line":19,"column":23},"end":{"line":19,"column":null}},"12":{"start":{"line":19,"column":14},"end":{"line":19,"column":null}},"13":{"start":{"line":20,"column":8},"end":{"line":20,"column":null}},"14":{"start":{"line":27,"column":0},"end":{"line":27,"column":null}}},"fnMap":{"0":{"name":"(anonymous_20)","decl":{"start":{"line":4,"column":0},"end":{"line":4,"column":37}},"loc":{"start":{"line":4,"column":0},"end":{"line":27,"column":null}}},"1":{"name":"Options","decl":{"start":{"line":5,"column":4},"end":{"line":5,"column":16}},"loc":{"start":{"line":5,"column":53},"end":{"line":7,"column":5}}},"2":{"name":"(anonymous_22)","decl":{"start":{"line":10,"column":4},"end":{"line":10,"column":17}},"loc":{"start":{"line":10,"column":4},"end":{"line":14,"column":null}}},"3":{"name":"(anonymous_25)","decl":{"start":{"line":17,"column":4},"end":{"line":17,"column":17}},"loc":{"start":{"line":17,"column":63},"end":{"line":22,"column":null}}}},"branchMap":{"0":{"loc":{"start":{"line":6,"column":8},"end":{"line":6,"column":null}},"type":"binary-expr","locations":[{"start":{"line":6,"column":8},"end":{"line":6,"column":26}},{"start":{"line":6,"column":26},"end":{"line":6,"column":null}}]}},"s":{"0":1,"1":1,"2":1,"3":2,"4":1,"5":1,"6":1,"7":1,"8":1,"9":1,"10":1,"11":1,"12":1,"13":1,"14":1},"f":{"0":1,"1":2,"2":1,"3":1},"b":{"0":[2,2]}}
,"/workspaces/data-gpt-take-home/backend/utils/log.ts": {"path":"/workspaces/data-gpt-take-home/backend/utils/log.ts","statementMap":{"0":{"start":{"line":1,"column":13},"end":{"line":27,"column":null}},"1":{"start":{"line":29,"column":0},"end":{"line":29,"column":13}},"2":{"start":{"line":30,"column":18},"end":{"line":34,"column":null}},"3":{"start":{"line":31,"column":8},"end":{"line":33,"column":9}},"4":{"start":{"line":32,"column":12},"end":{"line":32,"column":null}},"5":{"start":{"line":35,"column":18},"end":{"line":39,"column":null}},"6":{"start":{"line":36,"column":8},"end":{"line":38,"column":9}},"7":{"start":{"line":37,"column":12},"end":{"line":37,"column":null}},"8":{"start":{"line":40,"column":18},"end":{"line":44,"column":null}},"9":{"start":{"line":41,"column":8},"end":{"line":43,"column":9}},"10":{"start":{"line":42,"column":12},"end":{"line":42,"column":null}},"11":{"start":{"line":45,"column":18},"end":{"line":49,"column":null}},"12":{"start":{"line":46,"column":8},"end":{"line":48,"column":9}},"13":{"start":{"line":47,"column":12},"end":{"line":47,"column":null}},"14":{"start":{"line":50,"column":0},"end":{"line":50,"column":null}},"15":{"start":{"line":29,"column":13},"end":{"line":29,"column":16}}},"fnMap":{"0":{"name":"(anonymous_0)","decl":{"start":{"line":29,"column":0},"end":{"line":29,"column":13}},"loc":{"start":{"line":29,"column":0},"end":{"line":50,"column":null}}},"1":{"name":"(anonymous_2)","decl":{"start":{"line":30,"column":4},"end":{"line":30,"column":18}},"loc":{"start":{"line":30,"column":32},"end":{"line":34,"column":5}}},"2":{"name":"(anonymous_3)","decl":{"start":{"line":35,"column":4},"end":{"line":35,"column":18}},"loc":{"start":{"line":35,"column":35},"end":{"line":39,"column":5}}},"3":{"name":"(anonymous_4)","decl":{"start":{"line":40,"column":4},"end":{"line":40,"column":18}},"loc":{"start":{"line":40,"column":32},"end":{"line":44,"column":5}}},"4":{"name":"(anonymous_5)","decl":{"start":{"line":45,"column":4},"end":{"line":45,"column":18}},"loc":{"start":{"line":45,"column":33},"end":{"line":49,"column":5}}}},"branchMap":{"0":{"loc":{"start":{"line":31,"column":8},"end":{"line":33,"column":9}},"type":"if","locations":[{"start":{"line":31,"column":8},"end":{"line":33,"column":9}}]},"1":{"loc":{"start":{"line":36,"column":8},"end":{"line":38,"column":9}},"type":"if","locations":[{"start":{"line":36,"column":8},"end":{"line":38,"column":9}}]},"2":{"loc":{"start":{"line":41,"column":8},"end":{"line":43,"column":9}},"type":"if","locations":[{"start":{"line":41,"column":8},"end":{"line":43,"column":9}}]},"3":{"loc":{"start":{"line":46,"column":8},"end":{"line":48,"column":9}},"type":"if","locations":[{"start":{"line":46,"column":8},"end":{"line":48,"column":9}}]}},"s":{"0":3,"1":3,"2":3,"3":1,"4":1,"5":3,"6":1,"7":1,"8":3,"9":1,"10":1,"11":3,"12":1,"13":1,"14":3,"15":3},"f":{"0":3,"1":1,"2":1,"3":1,"4":1},"b":{"0":[1],"1":[1],"2":[1],"3":[1]}}
}
