TN:
SF:domain/base.ts
FN:4,(anonymous_19)
FN:5,DomainLevelError
FN:12,(anonymous_21)
FN:15,BaseDomain
FN:20,(anonymous_23)
FN:24,(anonymous_24)
FN:34,(anonymous_25)
FN:39,(anonymous_28)
FNF:8
FNH:4
FNDA:2,(anonymous_19)
FNDA:0,DomainLevelError
FNDA:2,(anonymous_21)
FNDA:7,BaseDomain
FNDA:0,(anonymous_23)
FNDA:5,(anonymous_24)
FNDA:0,(anonymous_25)
FNDA:0,(anonymous_28)
DA:2,2
DA:4,2
DA:5,0
DA:6,0
DA:7,0
DA:8,0
DA:10,2
DA:12,2
DA:16,7
DA:17,7
DA:20,2
DA:21,0
DA:24,2
DA:25,5
DA:31,5
DA:34,2
DA:35,0
DA:36,0
DA:38,0
DA:39,0
DA:40,0
DA:41,0
DA:42,0
DA:44,0
DA:46,0
DA:48,0
DA:52,0
DA:53,0
DA:57,2
LF:29
LH:12
BRDA:6,0,0,0
BRDA:6,0,1,0
BRDA:38,1,0,0
BRDA:38,1,1,0
BRDA:38,2,0,0
BRDA:38,2,1,0
BRDA:39,3,0,0
BRDA:39,3,1,0
BRDA:39,4,0,0
BRDA:39,4,1,0
BRDA:46,5,0,0
BRDA:46,5,1,0
BRDA:50,6,0,0
BRDA:50,6,1,0
BRDA:50,7,0,0
BRDA:50,7,1,0
BRF:16
BRH:0
end_of_record
TN:
SF:domain/countrydata.ts
FN:4,(anonymous_20)
FN:5,CountryDataDomain
FN:10,(anonymous_22)
FN:18,(anonymous_25)
FN:25,(anonymous_28)
FN:32,(anonymous_31)
FN:39,(anonymous_34)
FNF:7
FNH:7
FNDA:1,(anonymous_20)
FNDA:5,CountryDataDomain
FNDA:1,(anonymous_22)
FNDA:1,(anonymous_25)
FNDA:1,(anonymous_28)
FNDA:1,(anonymous_31)
FNDA:1,(anonymous_34)
DA:2,1
DA:4,1
DA:6,5
DA:10,1
DA:11,1
DA:12,1
DA:13,1
DA:14,1
DA:18,1
DA:19,1
DA:20,1
DA:21,1
DA:22,1
DA:25,1
DA:26,1
DA:27,1
DA:28,1
DA:29,1
DA:32,1
DA:33,1
DA:34,1
DA:35,1
DA:36,1
DA:39,1
DA:40,1
DA:41,1
DA:42,1
DA:43,1
DA:49,1
LF:29
LH:29
BRDA:6,0,0,5
BRDA:6,0,1,5
BRDA:11,1,0,1
BRDA:11,1,1,0
BRDA:11,2,0,0
BRDA:11,2,1,1
BRDA:11,3,0,1
BRDA:11,3,1,1
BRDA:19,4,0,1
BRDA:19,4,1,0
BRDA:19,5,0,0
BRDA:19,5,1,1
BRDA:19,6,0,1
BRDA:19,6,1,1
BRDA:26,7,0,1
BRDA:26,7,1,0
BRDA:26,8,0,0
BRDA:26,8,1,1
BRDA:26,9,0,1
BRDA:26,9,1,1
BRDA:33,10,0,1
BRDA:33,10,1,0
BRDA:33,11,0,0
BRDA:33,11,1,1
BRDA:33,12,0,1
BRDA:33,12,1,1
BRDA:40,13,0,1
BRDA:40,13,1,0
BRDA:40,14,0,0
BRDA:40,14,1,1
BRDA:40,15,0,1
BRDA:40,15,1,1
BRF:32
BRH:22
end_of_record
TN:
SF:domain/option.ts
FN:4,(anonymous_20)
FN:5,Options
FN:10,(anonymous_22)
FN:17,(anonymous_25)
FNF:4
FNH:4
FNDA:1,(anonymous_20)
FNDA:2,Options
FNDA:1,(anonymous_22)
FNDA:1,(anonymous_25)
DA:2,1
DA:4,1
DA:6,2
DA:10,1
DA:11,1
DA:12,1
DA:13,1
DA:17,1
DA:18,1
DA:19,1
DA:20,1
DA:27,1
LF:12
LH:12
BRDA:6,0,0,2
BRDA:6,0,1,2
BRF:2
BRH:2
end_of_record
TN:
SF:utils/log.ts
FN:29,(anonymous_0)
FN:30,(anonymous_2)
FN:35,(anonymous_3)
FN:40,(anonymous_4)
FN:45,(anonymous_5)
FNF:5
FNH:5
FNDA:3,(anonymous_0)
FNDA:1,(anonymous_2)
FNDA:1,(anonymous_3)
FNDA:1,(anonymous_4)
FNDA:1,(anonymous_5)
DA:1,3
DA:29,3
DA:30,3
DA:31,1
DA:32,1
DA:35,3
DA:36,1
DA:37,1
DA:40,3
DA:41,1
DA:42,1
DA:45,3
DA:46,1
DA:47,1
DA:50,3
LF:15
LH:15
BRDA:31,0,0,1
BRDA:36,1,0,1
BRDA:41,2,0,1
BRDA:46,3,0,1
BRF:4
BRH:4
end_of_record
